C51 COMPILER V9.00   123                                                                   10/10/2018 12:22:22 PAGE 1   


C51 COMPILER V9.00, COMPILATION OF MODULE 123
OBJECT MODULE PLACED IN 123.OBJ
COMPILER INVOKED BY: D:\Software\KEIL 4\C51\BIN\C51.EXE 123.c BROWSE DEBUG OBJECTEXTEND

line level    source

   1          #include<at89x52.h>
   2          //sbit P2_7 = P2^7;
   3          main()
   4          {
   5   1        //int i = 20000;
   6   1        while(1)
   7   1        {
   8   2         P1=0x0;
   9   2        }
  10   1      }


MODULE INFORMATION:   STATIC OVERLAYABLE
   CODE SIZE        =      5    ----
   CONSTANT SIZE    =   ----    ----
   XDATA SIZE       =   ----    ----
   PDATA SIZE       =   ----    ----
   DATA SIZE        =   ----    ----
   IDATA SIZE       =   ----    ----
   BIT SIZE         =   ----    ----
END OF MODULE INFORMATION.


C51 COMPILATION COMPLETE.  0 WARNING(S),  0 ERROR(S)
