C51 COMPILER V9.00   MUSIC                                                                 10/31/2018 10:02:54 PAGE 1   


C51 COMPILER V9.00, COMPILATION OF MODULE MUSIC
OBJECT MODULE PLACED IN music.OBJ
COMPILER INVOKED BY: D:\Software\KEIL 4\C51\BIN\C51.EXE music.c BROWSE INCDIR(..\..\51 Library) DEBUG OBJECTEXTEND

line level    source

   1          #include<reg52.h>        //?????????????????????????   
   2                                   //???????????????????????   
   3          /*------------------------------------------------  
   4                           ?????????  
   5          ------------------------------------------------*/   
   6          sbit      SPK=P1^5;  //??????????????   
   7             
   8          unsigned char Timer0_H,Timer0_L,Time;   
   9                                   //?????????????????   
  10          code unsigned char MUSIC[]={          6,1,1,      7,1,1,      1,2,3,    7,1,1,    1,2,2,    3,2,2,    7,1,
             -6,   
  11                                                3,1,1,      3,1,1,      6,1,3,    5,1,1,    6,1,2,    1,2,2,    5,1,
             -6,   
  12                                                3,1,2,      4,1,3,      3,1,1,    4,1,2,    1,2,2,    3,1,4,    1,2,
             -1,   
  13                                                1,2,1,      1,2,1,      7,1,3,    4,1,1,    4,1,2,    7,1,2,    7,1,
             -4,   
  14                                                6,1,1,      7,1,1,      1,2,3,    7,1,1,    1,2,2,    3,2,2,    7,1,
             -6,   
  15                                                };   
  16                                   // ???????? ???¦Ë   
  17          code unsigned char FREQH[]={   
  18                                          0xF2,0xF3,0xF5,0xF5,0xF6,0xF7,0xF8,    
  19                                          0xF9,0xF9,0xFA,0xFA,0xFB,0xFB,0xFC,0xFC, //1,2,3,4,5,6,7,8,i   
  20                                          0xFC,0xFD,0xFD,0xFD,0xFD,0xFE,   
  21                                          0xFE,0xFE,0xFE,0xFE,0xFE,0xFE,0xFF,   
  22                                         } ;   
  23                                   // ???????? ???¦Ë   
  24          code unsigned char FREQL[]={   
  25                                           0x42,0xC1,0x17,0xB6,0xD0,0xD1,0xB6,   
  26                                           0x21,0xE1,0x8C,0xD8,0x68,0xE9,0x5B,0x8F, //1,2,3,4,5,6,7,8,i   
  27                                           0xEE,0x44, 0x6B,0xB4,0xF4,0x2D,    
  28                                           0x47,0x77,0xA2,0xB6,0xDA,0xFA,0x16,   
  29                                          };   
  30          /*------------------------------------------------  
  31           uS???????????????????? unsigned char t????????  
  32           unsigned char ?????????????????????????¦¶??  
  33           0~255 ??????t???12M???????????????,???????  
  34           ???????? T=tx2+5 uS   
  35          ------------------------------------------------*/   
  36          void DelayUs2x(unsigned char t)   
  37          {      
  38   1       while(--t);   
  39   1      }   
  40          /*------------------------------------------------  
  41           mS???????????????????? unsigned char t????????  
  42           unsigned char ?????????????????????????¦¶??  
  43           0~255 ??????t???12M???????????????  
  44          ------------------------------------------------*/   
  45          void DelayMs(unsigned char t)   
  46          {   
  47   1              
  48   1       while(t--)   
  49   1       {   
  50   2           //???????1mS   
C51 COMPILER V9.00   MUSIC                                                                 10/31/2018 10:02:54 PAGE 2   

  51   2           DelayUs2x(200);   
  52   2           DelayUs2x(200);   
  53   2       }   
  54   1      }   
  55          /*------------------------------------------------  
  56                          ???????????  
  57           ????1/4???????  
  58           ??4/4  125ms  
  59           ??2/4  250ms  
  60           ??3/4  187ms  
  61          ------------------------------------------------*/   
  62          void delay(unsigned char t)   
  63          {   
  64   1          unsigned char i;   
  65   1          for(i=0;i<6*t;i++)   
  66   1              DelayMs(50);   
  67   1          TR0=0;   
  68   1       }   
  69          /*------------------------------------------------  
  70                         ?????0?§Ø?  
  71          ------------------------------------------------*/   
  72          void TIM0_ISR() interrupt 1   
  73          {   
  74   1       TR0=0;         
  75   1       SPK=!SPK;   
  76   1       TH0=Timer0_H;   
  77   1       TL0=Timer0_L;   
  78   1       TR0=1;   
  79   1       }   
  80          /*------------------------------------------------  
  81                          ????????????  
  82          ------------------------------------------------*/   
  83          void Song()   
  84          {   
  85   1       TH0=Timer0_H;//??????????????????   
  86   1       TL0=Timer0_L;   
  87   1       TR0=1;       //???????   
  88   1       delay(Time); //?????????????                         
  89   1       }   
  90          /*------------------------------------------------  
  91                          ??????  
  92          ------------------------------------------------*/   
  93           void main(void)   
  94           {   
  95   1       unsigned char k,i;   
  96   1       TMOD|=0x01; //??????0???????1   
  97   1       EA=1;       //??????§Ø?   
  98   1       ET0=1;      //?????0?§Ø?   
  99   1       while(1)   
 100   1            {   
 101   2             i=0;     
 102   2             while(i<100)   
 103   2                  {         //???????øA?? ????????????           
 104   3                  k=MUSIC[i]+7*MUSIC[i+1]-1;//??????????????????   
 105   3                  Timer0_H=FREQH[k];   
 106   3                  Timer0_L=FREQL[k];   
 107   3                  Time=MUSIC[i+2];          //???????   
 108   3                  i=i+3;   
 109   3                  Song();   
 110   3                 }   
 111   2             }    
 112   1        }   
C51 COMPILER V9.00   MUSIC                                                                 10/31/2018 10:02:54 PAGE 3   

 113             
 114          
 115           
 116          //
 117          //#include <REG51.H>
 118          //#define uchar unsigned char
 119          //sbit beepIO=P1^5;
 120          //uchar m,n; 
 121          //uchar code T[49][2]={{0,0},
 122          //{0xF8,0x8B},{0xF8,0xF2},{0xF9,0x5B},{0xF9,0xB7},{0xFA,0x14},{0xFA,0x66},{0xFA,0xB9},{0xFB,0x03},{0xFB,0x
             -4A},{0xFB,0x8F},{0xFB,0xCF},{0xFC,0x0B},
 123          //{0xFC,0x43},{0xFC,0x78},{0xFC,0xAB},{0xFC,0xDB},{0xFD,0x08},{0xFD,0x33},{0xFD,0x5B},{0xFD,0x81},{0xFD,0x
             -A5},{0xFD,0xC7},{0xFD,0xE7},{0xFE,0x05},
 124          //{0xFE,0x21},{0xFE,0x3C},{0xFE,0x55},{0xFE,0x6D},{0xFE,0x84},{0xFE,0x99},{0xFE,0xAD},{0xFE,0xC0},{0xFE,0x
             -02},{0xFE,0xE3},{0xFE,0xF3},{0xFF,0x02},
 125          //{0xFF,0x10},{0xFF,0x1D},{0xFF,0x2A},{0xFF,0x36},{0xFF,0x42},{0xFF,0x4C},{0xFF,0x56},{0xFF,0x60},{0xFF,0x
             -69},{0xFF,0x71},{0xFF,0x79},{0xFF,0x81}
 126          //};
 127          //uchar code music[][2]={{0,4},
 128          //{22,4},{24,4},{25,12},{24,4},{25,8},{29,8},{24,24},{17,4},{17,4},{22,12},{20,4},{22,8},{25,8},{20,16},{0
             -,8},{17,4},{17,4},
 129          //{0xFF,0xFF}};
 130          //
 131          //void delay(uchar p)
 132          //{
 133          //    uchar i,j; 
 134          //    for(;p>0;p--)
 135          //    for(i=181;i>0;i--)
 136          //    for(j=181;j>0;j--);
 137          //}
 138          //
 139          //void pause()
 140          //{
 141          //    uchar i,j;
 142          //    for(i=150;i>0;i--)
 143          //    for(j=150;j>0;j--);
 144          //}
 145          //
 146          //void T0_int() interrupt 1
 147          //{
 148          // beepIO=!beepIO;
 149          // TH0=T[m][0]; TL0=T[m][1];
 150          //}
 151          //
 152          //void main()
 153          //{
 154          // uchar i=0; 
 155          // TMOD=0x01;  EA=1; ET0=1; 
 156          // while(1) 
 157          //      {
 158          //        m=music[i][0];n=music[i][1]; 
 159          //           if(m==0x00)
 160          //             {TR0=0;delay(n);i++;} 
 161          //           else if(m==0xFF)
 162          //             {TR0=0;delay(30);i=0;} 
 163          //           else if(m==music[i+1][0]) 
 164          //             {TR0=1;delay(n);TR0=0;pause();i++;}
 165          //           else
 166          //             {TR0=1;delay(n);i++;}
 167          //      }
 168          //}

C51 COMPILER V9.00   MUSIC                                                                 10/31/2018 10:02:54 PAGE 4   


MODULE INFORMATION:   STATIC OVERLAYABLE
   CODE SIZE        =    145    ----
   CONSTANT SIZE    =    161    ----
   XDATA SIZE       =   ----    ----
   PDATA SIZE       =   ----    ----
   DATA SIZE        =      3    ----
   IDATA SIZE       =   ----    ----
   BIT SIZE         =   ----    ----
END OF MODULE INFORMATION.


C51 COMPILATION COMPLETE.  0 WARNING(S),  0 ERROR(S)
