C51 COMPILER V9.00   KEY                                                                   10/16/2018 18:40:18 PAGE 1   


C51 COMPILER V9.00, COMPILATION OF MODULE KEY
OBJECT MODULE PLACED IN key.OBJ
COMPILER INVOKED BY: D:\Software\KEIL 4\C51\BIN\C51.EXE key.c BROWSE INCDIR(..\..\51 Library) DEBUG OBJECTEXTEND

line level    source

   1          #include<REG52.h>
   2          #include<my.h>
   3          #include<LCD1602.h>
   4          #include <string.h>
   5          
   6          sbit bb=P1^5;           //蜂鸣器
   7          sbit dc=P1^4;           //继电器
   8          char scannum;           //存按键号
   9          char err;                       //错误记录
  10          char num=0;                     //显示位置
  11          char new=0;                     //密码修改标志
  12          bit warring;        //错误太多警告标志
  13          unsigned char pw[]="1234" ;
  14          unsigned char in[]="****";
  15          unsigned char line1[]="password:";
  16          unsigned char line2[]="state:";
  17          unsigned char string1[]="CLOSE";
  18          unsigned char string2[]="OPEN";
  19          unsigned char string3[]="ERROR";
  20          unsigned char string4[]="New PW";
  21          
  22          void main()
  23          {
  24   1         F1602_init();
  25   1         F1602_clear();
  26   1         gotoxy(1,0);
  27   1         display_string(line1);
  28   1         gotoxy(2,0);
  29   1         display_string(line2);
  30   1         gotoxy(1,9);
  31   1         display_string(in);
  32   1         gotoxy(2,6);
  33   1         display_string(string1);
  34   1         while(1)
  35   1         {
  36   2               scannum = scankey();  //获取按键号
  37   2               if(scannum == -1)continue;  
  38   2               delaynms(10);             //按键消抖
  39   2               while(scankey()!=-1);
  40   2               delaynms(10);
  41   2               switch(scannum)
  42   2               {
  43   3                case 0:case 1:case 2:case 3:case 4:
  44   3                case 5:case 6:case 7:case 8:case 9:
  45   3                      if(num<4)
  46   3                       {
  47   4                        in[num]=scannum+0x30;
  48   4                        if(new==1)      //密码修改标志
  49   4                        {
  50   5                         pw[num]=scannum+0x30;
  51   5                         //gotoxy(2,6);               
  52   5                         //display_string(string4);
  53   5                        }
  54   4                        if(new==0)
  55   4                        {
C51 COMPILER V9.00   KEY                                                                   10/16/2018 18:40:18 PAGE 2   

  56   5                        gotoxy(2,6);
  57   5                        display_string(string1);
  58   5                        }
  59   4                        num++ ;
  60   4                        gotoxy(1,9);   
  61   4                    display_string(in);
  62   4                       }break;
  63   3      
  64   3                case 13:
  65   3                       in[0]=in[1]=in[2]=in[3]='*';  //重制密码
  66   3                               gotoxy(1,9);
  67   3                   display_string(in);
  68   3                               gotoxy(2,6);
  69   3                   display_string(string1);
  70   3                       if(warring==0)
  71   3                               {num = 0;bb=dc=1;}
  72   3                               break;
  73   3      
  74   3                case 15:                                      //确认后判断
  75   3                    if(pw[0]==in[0]&&pw[1]==in[1]&&pw[2]==in[2]&&pw[3]==in[3])
  76   3                        {
  77   4                          dc=0;
  78   4                              
  79   4                          gotoxy(2,6);
  80   4                          display_string(string2);
  81   4                              err=0;
  82   4                              bb=0;
  83   4                              delaynms(200);
  84   4                              bb=1;
  85   4                        }
  86   3                        else
  87   3                        {
  88   4                         bb = 0;
  89   4                         err++;
  90   4                         if(err>=3) warring=1;
  91   4                         gotoxy(2,6);
  92   4                         display_string(string3);
  93   4                        }     break;
  94   3      
  95   3                case 12:
  96   3                   new++;
  97   3                       if(new>1)new=0;
  98   3                       if(new==0)
  99   3                       {
 100   4                        gotoxy(2,6);
 101   4                        display_string(string1);
 102   4                       }
 103   3                       else
 104   3                       {
 105   4                   gotoxy(2,6);                                       //修改密码
 106   4                       display_string(string4);
 107   4                       }
 108   3                       break;
 109   3                //case 11:  
 110   3      
 111   3                 }
 112   2      
 113   2      
 114   2      
 115   2      
 116   2         }
 117   1      
C51 COMPILER V9.00   KEY                                                                   10/16/2018 18:40:18 PAGE 3   

 118   1      
 119   1      
 120   1      
 121   1      
 122   1      //   while(1)
 123   1      //   {
 124   1      //      scannum = scankey();      //获取按键号
 125   1      //      if(scannum == -1)continue;  
 126   1      //      delaynms(10);
 127   1      //      while(scankey()!=-1);
 128   1      //      delaynms(10);
 129   1      //      switch(scannum)
 130   1      //      {
 131   1      //       case 0:case 1:case 2:case 3:case 4:
 132   1      //       case 5:case 6:case 7:case 8:case 9:
 133   1      //       if(num<4)
 134   1      //       {
 135   1      //        in[num]= scannum=0x30;
 136   1      //        num++ ;
 137   1      //        gotoxy(1,9);   
 138   1      //        display_string(in);
 139   1      //        gotoxy(2,6);
 140   1      //        display_string(string1);
 141   1      //       } break;
 142   1      //
 143   1      //       case 14:in[0]=in[1]=in[2]=in[3]='*';  //重制密码
 144   1      //               if(warring==0){num = 0;bb=dc=1;}
 145   1      //                       break;
 146   1      //       case 15: 
 147   1      //            if(pw[0]==in[0]&&pw[1]==in[1]&&pw[2]==in[2]&&pw[3]==in[3])
 148   1      //                {
 149   1      //                  dc=0;
 150   1      //                  gotoxy(2,6);
 151   1      //                  display_string(string1);
 152   1      //                }
 153   1      //                else
 154   1      //                {
 155   1      //                 bb = 0;
 156   1      //                 err++;
 157   1      //                 if(err>=3) warring=1;
 158   1      //                 gotoxy(2,6);
 159   1      //                 display_string(string3);
 160   1      //                }     break;
 161   1      //      }
 162   1      //   }
 163   1      }
 164          
 165          


MODULE INFORMATION:   STATIC OVERLAYABLE
   CODE SIZE        =    616    ----
   CONSTANT SIZE    =   ----    ----
   XDATA SIZE       =   ----    ----
   PDATA SIZE       =   ----    ----
   DATA SIZE        =     76       1
   IDATA SIZE       =   ----    ----
   BIT SIZE         =      1       1
END OF MODULE INFORMATION.


C51 COMPILATION COMPLETE.  0 WARNING(S),  0 ERROR(S)
