C51 COMPILER V9.00   HWDG                                                                  12/17/2018 11:20:18 PAGE 1   


C51 COMPILER V9.00, COMPILATION OF MODULE HWDG
OBJECT MODULE PLACED IN ..\output\hwdg.obj
COMPILER INVOKED BY: D:\Software\KEIL 4\C51\BIN\C51.EXE ..\source\hwdg.c OMF2 BROWSE DEBUG PRINT(..\listing\hwdg.lst) OB
                    -JECT(..\output\hwdg.obj)

line level    source

   1          #include<at89x52.h>
   2          #include"global.h"
   3          
   4          #include"moto.h"
   5          #include"hwdg.h"
   6          void xunji()
   7          {
   8   1      
   9   1       if(R1==0 && L1==0)
  10   1       {
  11   2        //DIR=2;                       //Ç°½ø
  12   2        L_speed=4;
  13   2        R_speed=4;
  14   2       }
  15   1       else if(R1==1 && L1==1)
  16   1       {
  17   2        DIR=0;                         //Í£Ö¹
  18   2       }
  19   1       else if(R1==1 && L1==0)
  20   1       {
  21   2        DIR=3;
  22   2       }
  23   1       else if(R1==0 && L1==1)
  24   1       {
  25   2        DIR=4;
  26   2       }
  27   1      }


MODULE INFORMATION:   STATIC OVERLAYABLE
   CODE SIZE        =     43    ----
   CONSTANT SIZE    =   ----    ----
   XDATA SIZE       =   ----    ----
   PDATA SIZE       =   ----    ----
   DATA SIZE        =   ----    ----
   IDATA SIZE       =   ----    ----
   BIT SIZE         =   ----    ----
   EDATA SIZE       =   ----    ----
   HDATA SIZE       =   ----    ----
   XDATA CONST SIZE =   ----    ----
   FAR CONST SIZE   =   ----    ----
END OF MODULE INFORMATION.


C51 COMPILATION COMPLETE.  0 WARNING(S),  0 ERROR(S)
