C51 COMPILER V9.00   LCD1602                                                               12/12/2018 10:44:30 PAGE 1   


C51 COMPILER V9.00, COMPILATION OF MODULE LCD1602
OBJECT MODULE PLACED IN ..\lcd1602.obj
COMPILER INVOKED BY: D:\Software\KEIL 4\C51\BIN\C51.EXE ..\source\lcd1602.c OMF2 BROWSE DEBUG PRINT(.\lcd1602.lst) OBJEC
                    -T(..\lcd1602.obj)

line level    source

   1          #include <at89x52.h>
   2          #include "public.h"
   3          #include "lcd1602.h"
   4          //-----------------索引区--------------------//
   5          /****    wcom(command,busy)*///1602写命令，
   6          /****    wait()            *///1602判忙，未兼顾仿真
   7          /****    wdat(dat)         *///1602写数据
   8          /****    init()            *///1602初始化
   9          /****    xy(x,y)           *///x列y行，原点是0列0行
  10          /****    wstring(*s,n)     *///*s是要写的字串，n是几个ms写一个字
  11          //---------------索引区结束-------------------//
  12          
  13          /****    1602引脚定义  */
  14          sbit RS=P1^0;
  15          sbit RW=P1^1;
  16          sbit EN=P1^2;
  17          sbit BUSY=P0^7;
  18          
  19          /****    1602判忙      */
  20          void wait(void)   
  21          {RS=0;RW=1;EN=1;while(BUSY);EN=0;}
  22          
  23          /****    1602写命令    */
  24          //第二个参数是判忙否，1判0不判，写38不能判
  25          //命令(command)说明
  26          //0x01：数据指针和显示清0； //0x02：数据指针清0； 
  27          //0x14：光标右移；          //0x10：光标左移； 
  28          //0x20: 左清除一位显示； 
  29          //0x38：设置模式为16*2显示，5*8阵，8位接口； 
  30          //0x1c：整屏右移，光标跟随；      //0x18：整屏左移，光标跟随；     
  31          //0x04：指针减1光标减1，屏不动    //0x06：指针加1光标加1，屏不动； 
  32          //0x05：整屏右移，光标不动屏幕动  //0x07：整屏左移，光标不动屏幕动
  33          void wcom(unsigned char command,busy)
  34          {RS=0;RW=0;EN=0;P0=command;EN=1;EN=0;
  35   1       if(busy==1){wait();}}
  36          
  37          /****    1602初始化    */
  38          void init1602(void)     
  39          {wcom(0x38,0);wcom(0x38,0);//写38时不能判忙
  40   1       wcom(0x01,1);wcom(0x80,1);
  41   1       wcom(0x0c,1);delaynms(40);}
  42          
  43          /****    1602写数据         */
  44          void wdat(unsigned char dat)
  45          {RS=1;RW=0;EN=0;P0=dat;EN=1;EN=0;wait();}
  46          
  47          /****    1602写字串         */
  48          void wstring(unsigned char *s,unsigned int n)
  49          {while(*s){wdat(*s);delaynms(n);s++;}}
  50          
  51          /****    1602定光标,x列y行  */
  52          void xy(unsigned char x,unsigned char y)
  53          {unsigned char address;
  54   1       if(y==0){address=0x80+x;}else{address=0xc0+x;}
C51 COMPILER V9.00   LCD1602                                                               12/12/2018 10:44:30 PAGE 2   

  55   1       wcom(address,1);}


MODULE INFORMATION:   STATIC OVERLAYABLE
   CODE SIZE        =    151    ----
   CONSTANT SIZE    =   ----    ----
   XDATA SIZE       =   ----    ----
   PDATA SIZE       =   ----    ----
   DATA SIZE        =   ----       5
   IDATA SIZE       =   ----    ----
   BIT SIZE         =   ----    ----
   EDATA SIZE       =   ----    ----
   HDATA SIZE       =   ----    ----
   XDATA CONST SIZE =   ----    ----
   FAR CONST SIZE   =   ----    ----
END OF MODULE INFORMATION.


C51 COMPILATION COMPLETE.  0 WARNING(S),  0 ERROR(S)
