C51 COMPILER V9.00   LED                                                                   10/31/2018 17:56:54 PAGE 1   


C51 COMPILER V9.00, COMPILATION OF MODULE LED
OBJECT MODULE PLACED IN LED.OBJ
COMPILER INVOKED BY: D:\Software\KEIL 4\C51\BIN\C51.EXE LED.C BROWSE INCDIR(..\..\51 Library) DEBUG OBJECTEXTEND

line level    source

   1          #include<AT89x52.h>
   2          #include<my.h>
   3          
   4          sbit Rin=P2^0;
   5          sbit Gin=P2^1;
   6          sbit Bin=P2^2;
   7          
   8          unsigned char RGB[]={0,0,0};
   9          unsigned char pwm=0;
  10          unsigned char x;
  11          
  12          void Timer1Init(void)           //50毫秒@12.000MHz
  13          {
  14   1        TMOD=1;
  15   1        TH0=65486/256;
  16   1        TL0=65486%256;
  17   1        TR0=1;
  18   1        ET0=1;
  19   1        EA=1;
  20   1      }
  21          
  22          
  23          
  24          void main()
  25          {
  26   1        Timer1Init();
  27   1        while(1)
  28   1        {
  29   2         for(x=0;x<255;x++){RGB[0]=255;RGB[1]=0;RGB[2]=0;delaynms(2);}
  30   2         for(x=255;x>0;x--){RGB[0]=x;RGB[1]=0;RGB[2]=0;delaynms(2);}
  31   2         for(x=0;x<255;x++){RGB[0]=x;RGB[1]=x;RGB[2]=0;delaynms(2);}
  32   2         for(x=255;x>0;x--){RGB[0]=x;RGB[1]=0;RGB[2]=0;delaynms(2);}
  33   2         for(x=0;x<255;x++){RGB[0]=x;RGB[1]=x;RGB[2]=0;delaynms(2);}
  34   2         for(x=255;x>0;x--){RGB[0]=x;RGB[1]=0;RGB[2]=0;delaynms(2);}
  35   2        }
  36   1      }
  37          
  38          timer() interrupt 1
  39          {
  40   1        TH0=65486/256;
  41   1        TL0=65486%256;
  42   1        pwm++;
  43   1        if(pwm<RGB[0])Rin=1;else Rin=0;
  44   1        if(pwm<RGB[1])Gin=1;else Gin=0;
  45   1        if(pwm<RGB[2])Bin=1;else Bin=0;
  46   1      }
  47          
  48          //inint0() interrupt 0            //按键外部中断
  49          //{
  50          //  delaynms(10);
  51          //  //while(~P3^6);
  52          //  pwm++;
  53          //  if(pwm>6)pwm=0;
  54          //  delaynms(10);
  55          //}
C51 COMPILER V9.00   LED                                                                   10/31/2018 17:56:54 PAGE 2   



MODULE INFORMATION:   STATIC OVERLAYABLE
   CODE SIZE        =    310    ----
   CONSTANT SIZE    =   ----    ----
   XDATA SIZE       =   ----    ----
   PDATA SIZE       =   ----    ----
   DATA SIZE        =     26       1
   IDATA SIZE       =   ----    ----
   BIT SIZE         =   ----       1
END OF MODULE INFORMATION.


C51 COMPILATION COMPLETE.  0 WARNING(S),  0 ERROR(S)
