C51 COMPILER V9.00   MOTO                                                                  12/16/2018 22:24:56 PAGE 1   


C51 COMPILER V9.00, COMPILATION OF MODULE MOTO
OBJECT MODULE PLACED IN .\moto.obj
COMPILER INVOKED BY: D:\Software\KEIL 4\C51\BIN\C51.EXE ..\source\moto.c OMF2 BROWSE INCDIR(..\source) DEBUG PRINT(.\mot
                    -o.lst) OBJECT(.\moto.obj)

line level    source

   1          #include<at89x52.h>
   2          #include"global.h"
   3          #include"public.h"
   4          #include"moto.h"
   5          unsigned char  DIR;  //方向
   6          unsigned char  SHIFT;  //档位
   7          unsigned char  BDIR;   //存方向状态
   8          void left(void)        {LMF=1;LMB=0;RMF=0;RMB=1;}
   9          void right(void)       {LMF=0;LMB=1;RMF=1;RMB=0;}
  10          void forward(void)         {LMF=0;LMB=1;RMF=0;RMB=1;}
  11          void back(void)        {LMF=1;LMB=0;RMF=1;RMB=0;}
  12          void stop(void)            {LMF=1;LMB=1;RMF=1;RMB=1;}
  13          
  14          void run(void)             {switch (DIR)
  15   1                                                       {case 0:stop();      break;
  16   2                                                        case 1:forward();   break;    
  17   2                                                        case 2:back();      break;      
  18   2                                                        case 3:left();      break;      
  19   2                                                        case 4:right();     break;     
  20   2                                                   } 
  21   1                                                 }
  22          
  23          void initINT(void)
  24          {
  25   1       IT1=IT0=1;
  26   1       EX1=EX0=1;
  27   1      }
  28          
  29          void INT_0()interrupt 0           //换向
  30          { 
  31   1       delaynms(10);
  32   1        if(!INT0)
  33   1        {
  34   2         DIR++;if(DIR>4)DIR=0;
  35   2         BDIR = DIR;
  36   2        }
  37   1      }
  38          
  39          void INT_1()interrupt 2           //换挡位
  40          {
  41   1         delaynms(10);
  42   1         if(!INT1)
  43   1        {
  44   2         SHIFT++;if(SHIFT>4)SHIFT=0;
  45   2        }
  46   1      }


MODULE INFORMATION:   STATIC OVERLAYABLE
   CODE SIZE        =    253    ----
   CONSTANT SIZE    =   ----    ----
   XDATA SIZE       =   ----    ----
   PDATA SIZE       =   ----    ----
   DATA SIZE        =      3    ----
C51 COMPILER V9.00   MOTO                                                                  12/16/2018 22:24:56 PAGE 2   

   IDATA SIZE       =   ----    ----
   BIT SIZE         =   ----    ----
   EDATA SIZE       =   ----    ----
   HDATA SIZE       =   ----    ----
   XDATA CONST SIZE =   ----    ----
   FAR CONST SIZE   =   ----    ----
END OF MODULE INFORMATION.


C51 COMPILATION COMPLETE.  0 WARNING(S),  0 ERROR(S)
