C51 COMPILER V9.00   IR                                                                    05/01/2019 23:47:34 PAGE 1   


C51 COMPILER V9.00, COMPILATION OF MODULE IR
OBJECT MODULE PLACED IN IR.OBJ
COMPILER INVOKED BY: D:\Software\KEIL 4\C51\BIN\C51.EXE IR.C BROWSE DEBUG OBJECTEXTEND

line level    source

   1          #include"IR.H"
   2          
   3          /**********************************************************
   4          *定时中断函数，每中断一次需要256 * 0.5us = 128 us
   5          * 24MHz 内部晶振 1/24*12=0.5us
   6          *
   7          ***********************************************************/
   8          void time0() interrupt 1
   9          { 
  10   1        IRtime++;//128us
  11   1      }
  12          
  13          /**********************************************************
  14          *外部中断函数，提取数据码
  15          *
  16          ***********************************************************/
  17          void int0() interrupt 0
  18          {  
  19   1       
  20   1        static unsigned char i;       //静态变量用于存入33次数据计数
  21   1        static bit startflag;         //开始储存脉宽标志位
  22   1       //  LED=!LED;
  23   1        if(startflag)
  24   1        {
  25   2          if((IRtime < 53)&&(IRtime>=32)) i = 0;  //判断是否为起始码
  26   2              IRdata[i] = IRtime;       //以T0益出的次数来计算脉宽，把这个值存入数组中
  27   2              IRtime = 0;
  28   2              i++;     //存入下一位
  29   2              if(i==33)       //i等于33表示数据传完
  30   2              {
  31   3                      IRok = 1;       //标志位
  32   3                      i=0;            //清零
  33   3              }
  34   2              
  35   2        }
  36   1        else
  37   1              {
  38   2                IRtime =0;    //时间清零
  39   2                startflag = 1;
  40   2              }
  41   1      }
  42          
  43          /**********************************************************
  44          *将33次脉宽解码出来
  45          *
  46          ***********************************************************/
  47          void IRcordpro()
  48          {
  49   1        unsigned char i;  // 计数处理4个字节
  50   1        unsigned char j;      //计数处理1个字节的8位数据
  51   1        unsigned char k;      //计数处理33次脉宽
  52   1        k = 1;        //从第一位开始处理，都掉起始码
  53   1        for(i= 0;i<4;i++)
  54   1        {
  55   2         for(j=0;j<8;j++)
C51 COMPILER V9.00   IR                                                                    05/01/2019 23:47:34 PAGE 2   

  56   2         {
  57   3                if(IRdata[k] >5) IRcord[i] |= 0x80;     //data里面的存的时间大于10*128us=12.8ms,表示位1.
  58   3                if(j < 7) IRcord[i] >>= 1;                    // 只能向右移7次
  59   3                k++;     //处理下一次脉宽
  60   3         }
  61   2        }
  62   1        IRpro_ok = 1; //解码完成标志
  63   1      }
  64          
  65          


MODULE INFORMATION:   STATIC OVERLAYABLE
   CODE SIZE        =    122    ----
   CONSTANT SIZE    =   ----    ----
   XDATA SIZE       =   ----    ----
   PDATA SIZE       =   ----    ----
   DATA SIZE        =      1    ----
   IDATA SIZE       =   ----    ----
   BIT SIZE         =      1    ----
END OF MODULE INFORMATION.


C51 COMPILATION COMPLETE.  0 WARNING(S),  0 ERROR(S)
