C51 COMPILER V9.00   CODETAB                                                               11/17/2018 15:05:57 PAGE 1   


C51 COMPILER V9.00, COMPILATION OF MODULE CODETAB
OBJECT MODULE PLACED IN codetab.obj
COMPILER INVOKED BY: D:\Software\KEIL 4\C51\BIN\C51.EXE lib\codetab.c BROWSE INCDIR(.\lib) DEBUG OBJECTEXTEND PRINT(.\co
                    -detab.lst) OBJECT(codetab.obj)

line level    source

   1          #include "codetab.h"  
   2            
   3          /***************************16*16 Chinese, common gnd - column style - reverse output?********/  
   4          uint8_t code F16x16_1[] =  
   5          {  
   6                  
   7                  /*0x00,0x84,0xC4,0xE4,0xF4,0xBC,0x9C,0xFE,0xFE,0x9C,0xB4,0xF4,0x64,0xE6,0x64,0x40,
   8                  0x00,0x08,0x08,0x09,0x29,0x29,0xEB,0xFD,0x7F,0x0B,0x0B,0x09,0x09,0x0C,0x0C,0x00,//Àî0,
   9                  
  10                  0x00,0x00,0xF0,0xF0,0xA0,0xA0,0xBE,0xBE,0xBE,0xA4,0xA4,0xE4,0xF4,0xE6,0x24,0x00,
  11                  0x00,0x10,0x17,0x17,0x12,0x12,0x12,0xFE,0x7E,0x12,0x12,0x17,0x17,0x1F,0x18,0x00,//×¿1,
  12                  
  13                  0x00,0xFC,0xFC,0x9C,0xEE,0xFE,0xFC,0x08,0xE8,0xEC,0x4E,0xEC,0xE8,0x4C,0x08,0x00,
  14                  0x00,0xFF,0x3F,0x02,0x6E,0x7F,0x7F,0x40,0x7F,0x1F,0x00,0x3F,0x7F,0x60,0x78,0x00,//º½2 */
  15                  /*0x80,0x84,0x44,0x44,0x24,0x14,0x0C,0xFF,0x0C,0x14,0x24,0x44,0x44,0x84,0x80,0x00,
  16                  0x08,0x08,0x08,0x08,0x09,0x49,0x89,0x79,0x0D,0x0B,0x09,0x08,0x08,0x08,0x08,0x00,//Àî0,
  17                  
  18                  0x00,0x00,0x00,0xF0,0x50,0x50,0x50,0x5F,0x52,0x52,0x52,0xF2,0x02,0x02,0x00,0x00,
  19                  0x08,0x08,0x08,0x0B,0x09,0x09,0x09,0xFF,0x09,0x09,0x09,0x0B,0x08,0x08,0x08,0x00,//×¿1,
  20                  
  21                  0x80,0xFC,0x96,0xE5,0x84,0xFC,0x00,0x08,0xC8,0x49,0x4A,0xC8,0x08,0x08,0x00,0x00,
  22                  0x80,0x7F,0x02,0x4C,0x80,0x7F,0x80,0x60,0x1F,0x00,0x00,0x3F,0x40,0x40,0x78,0x00,//º½2,*/
  23          
  24          /*      0x00,0x84,0xC4,0xE4,0xF4,0xBC,0x9C,0xFE,0xFE,0x9C,0xB4,0xF4,0xE4,0xE6,0x64,0x20,
  25                  0x00,0x08,0x08,0x09,0x29,0x29,0xEB,0xFD,0x7F,0x0B,0x0B,0x09,0x08,0x0C,0x0C,0x00,//Àî0,
  26                  
  27                  0x00,0x00,0xF0,0xF0,0xA0,0xA0,0xBE,0xBE,0xBE,0xA4,0xA4,0xE4,0xF4,0xE6,0x24,0x00,
  28                  0x00,0x10,0x17,0x17,0x12,0x12,0x12,0xFE,0x7E,0x12,0x12,0x17,0x17,0x1F,0x18,0x00,//×¿1,
  29                  
  30                  0x00,0xFC,0xFC,0x9C,0xEE,0xFE,0xFC,0x08,0xE8,0xEA,0x4E,0xEC,0xE8,0x4C,0x08,0x00,
  31                  0x00,0xFF,0x3F,0x02,0x6E,0x7F,0x7F,0x40,0x7F,0x1F,0x00,0x3F,0x7F,0x60,0x78,0x00,//º½2, */
  32          
  33                  0x00,0x30,0xE6,0x5E,0xCC,0x64,0x90,0x00,0xF0,0xF2,0x0E,0x1C,0xD8,0xC8,0x80,0x00,
  34                  0x00,0x0C,0xBE,0x77,0x75,0x2E,0x0F,0x00,0x7F,0x7F,0x60,0x60,0x70,0x7F,0x23,0x02,//Çß0,
  35                  
  36                  0x00,0x00,0x00,0x00,0x00,0x80,0xFE,0xFE,0xFE,0x80,0x00,0x00,0x00,0x00,0x00,0x00,
  37                  0x40,0xC0,0x70,0x38,0x1C,0x0F,0x07,0x03,0x01,0x07,0x0F,0x1E,0x7C,0xF8,0x70,0x10,//ÈË1,
  38                  
  39                  0x00,0x00,0xC0,0xC0,0xF0,0xF0,0xF4,0x0E,0x1C,0x38,0x18,0x20,0xE0,0xC0,0x00,0x00,
  40                  0x08,0x0F,0x1F,0x03,0x3F,0x7F,0x7F,0x60,0x60,0x60,0x60,0x7C,0x7D,0x67,0x07,0x02,//ÐÄ2,
  41                  
  42                  0x00,0xFE,0xFE,0x24,0xFE,0xFE,0x02,0xFC,0xFC,0x2E,0xFE,0xFA,0x28,0xFC,0xFC,0x04,
  43                  0x00,0xFF,0x3F,0x42,0xFF,0x7F,0x08,0x0D,0x0F,0x0F,0xFF,0xFF,0x7F,0x0D,0x09,0x08,//Æ¢3,
  44                  
  45                  0x00,0x60,0x38,0x1E,0x2E,0x2E,0x2C,0x2C,0x2C,0x2C,0x2C,0xBC,0xAC,0x0E,0x04,0x00,
  46                  0x00,0x00,0x01,0x01,0x01,0x01,0x01,0x01,0x01,0x01,0x01,0x3F,0x7F,0x71,0x78,0x20,//Æø4,
  47                  
  48                  0x10,0x30,0x3E,0x4C,0x48,0x48,0x4A,0xCE,0xCE,0x4A,0x48,0x68,0x78,0x1C,0x0C,0x04,
  49                  0x00,0x02,0x02,0x02,0x22,0x22,0xE2,0xFF,0x7F,0x02,0x02,0x02,0x02,0x03,0x02,0x02,//Óî5,
  50                  
  51                  0x00,0xF8,0xFE,0x1E,0xE8,0xE8,0x8C,0x88,0x84,0x84,0xFC,0xFC,0xFC,0x86,0xC4,0x40,
  52                  0x00,0x19,0x19,0x1D,0xFF,0x7F,0x07,0x05,0x00,0x00,0xFF,0x7F,0x7F,0x00,0x00,0x00,//Ðù6,
  53                  
  54                  0x00,0x00,0xFE,0x7E,0x7E,0xFE,0xFE,0xFE,0xFE,0x7E,0x7E,0x7F,0x7E,0xFE,0x00,0x00,
C51 COMPILER V9.00   CODETAB                                                               11/17/2018 15:05:57 PAGE 2   

  55                  0x00,0x20,0x7F,0x7F,0x33,0x31,0x19,0x08,0xFF,0xFF,0x01,0x11,0x3F,0x3F,0x3F,0x00,//°º7,
  56          
  57          
  58          
  59            
  60          };  
  61          
  62          uint8_t code F16x16_2[] =  
  63          {  
  64                  0x00,0x60,0x38,0x1E,0x2E,0x2E,0x2C,0x2C,0x2C,0x2C,0x2C,0xBC,0xAC,0x0E,0x04,0x00,
  65                  0x00,0x00,0x01,0x01,0x01,0x01,0x01,0x01,0x01,0x01,0x01,0x3F,0x7F,0x71,0x78,0x20,//Æø4,
  66                  
  67                  0x10,0x30,0x3E,0x4C,0x48,0x48,0x4A,0xCE,0xCE,0x4A,0x48,0x68,0x78,0x1C,0x0C,0x04,
  68                  0x00,0x02,0x02,0x02,0x22,0x22,0xE2,0xFF,0x7F,0x02,0x02,0x02,0x02,0x03,0x02,0x02,//Óî5,
  69                  
  70                  0x00,0xF8,0xFE,0x1E,0xE8,0xE8,0x8C,0x88,0x84,0x84,0xFC,0xFC,0xFC,0x86,0xC4,0x40,
  71                  0x00,0x19,0x19,0x1D,0xFF,0x7F,0x07,0x05,0x00,0x00,0xFF,0x7F,0x7F,0x00,0x00,0x00,//Ðù6,
  72                  
  73                  0x00,0x00,0xFE,0x7E,0x7E,0xFE,0xFE,0xFE,0xFE,0x7E,0x7E,0x7F,0x7E,0xFE,0x00,0x00,
  74                  0x00,0x20,0x7F,0x7F,0x33,0x31,0x19,0x08,0xFF,0xFF,0x01,0x11,0x3F,0x3F,0x3F,0x00,//°º7,
  75           
  76          };
  77          
  78            
  79          /************************************6*8µÄµãÕó************************************/  
  80          const uint8_t code F6x8[][6] =  
  81          {  
  82              0x00, 0x00, 0x00, 0x00, 0x00, 0x00,// sp  
  83              0x00, 0x00, 0x00, 0x2f, 0x00, 0x00,// !  
  84              0x00, 0x00, 0x07, 0x00, 0x07, 0x00,// "  
  85              0x00, 0x14, 0x7f, 0x14, 0x7f, 0x14,// #  
  86              0x00, 0x24, 0x2a, 0x7f, 0x2a, 0x12,// $  
  87              0x00, 0x62, 0x64, 0x08, 0x13, 0x23,// %  
  88              0x00, 0x36, 0x49, 0x55, 0x22, 0x50,// &  
  89              0x00, 0x00, 0x05, 0x03, 0x00, 0x00,// '  
  90              0x00, 0x00, 0x1c, 0x22, 0x41, 0x00,// (  
  91              0x00, 0x00, 0x41, 0x22, 0x1c, 0x00,// )  
  92              0x00, 0x14, 0x08, 0x3E, 0x08, 0x14,// *  
  93              0x00, 0x08, 0x08, 0x3E, 0x08, 0x08,// +  
  94              0x00, 0x00, 0x00, 0xA0, 0x60, 0x00,// ,  
  95              0x00, 0x08, 0x08, 0x08, 0x08, 0x08,// -  
  96              0x00, 0x00, 0x60, 0x60, 0x00, 0x00,// .  
  97              0x00, 0x20, 0x10, 0x08, 0x04, 0x02,// /  
  98              0x00, 0x3E, 0x51, 0x49, 0x45, 0x3E,// 0  
  99              0x00, 0x00, 0x42, 0x7F, 0x40, 0x00,// 1  
 100              0x00, 0x42, 0x61, 0x51, 0x49, 0x46,// 2  
 101              0x00, 0x21, 0x41, 0x45, 0x4B, 0x31,// 3  
 102              0x00, 0x18, 0x14, 0x12, 0x7F, 0x10,// 4  
 103              0x00, 0x27, 0x45, 0x45, 0x45, 0x39,// 5  
 104              0x00, 0x3C, 0x4A, 0x49, 0x49, 0x30,// 6  
 105              0x00, 0x01, 0x71, 0x09, 0x05, 0x03,// 7  
 106              0x00, 0x36, 0x49, 0x49, 0x49, 0x36,// 8  
 107              0x00, 0x06, 0x49, 0x49, 0x29, 0x1E,// 9  
 108              0x00, 0x00, 0x36, 0x36, 0x00, 0x00,// :  
 109              0x00, 0x00, 0x56, 0x36, 0x00, 0x00,// ;  
 110              0x00, 0x08, 0x14, 0x22, 0x41, 0x00,// <  
 111              0x00, 0x14, 0x14, 0x14, 0x14, 0x14,// =  
 112              0x00, 0x00, 0x41, 0x22, 0x14, 0x08,// >  
 113              0x00, 0x02, 0x01, 0x51, 0x09, 0x06,// ?  
 114              0x00, 0x32, 0x49, 0x59, 0x51, 0x3E,// @  
 115              0x00, 0x7C, 0x12, 0x11, 0x12, 0x7C,// A  
 116              0x00, 0x7F, 0x49, 0x49, 0x49, 0x36,// B  
C51 COMPILER V9.00   CODETAB                                                               11/17/2018 15:05:57 PAGE 3   

 117              0x00, 0x3E, 0x41, 0x41, 0x41, 0x22,// C  
 118              0x00, 0x7F, 0x41, 0x41, 0x22, 0x1C,// D  
 119              0x00, 0x7F, 0x49, 0x49, 0x49, 0x41,// E  
 120              0x00, 0x7F, 0x09, 0x09, 0x09, 0x01,// F  
 121              0x00, 0x3E, 0x41, 0x49, 0x49, 0x7A,// G  
 122              0x00, 0x7F, 0x08, 0x08, 0x08, 0x7F,// H  
 123              0x00, 0x00, 0x41, 0x7F, 0x41, 0x00,// I  
 124              0x00, 0x20, 0x40, 0x41, 0x3F, 0x01,// J  
 125              0x00, 0x7F, 0x08, 0x14, 0x22, 0x41,// K  
 126              0x00, 0x7F, 0x40, 0x40, 0x40, 0x40,// L  
 127              0x00, 0x7F, 0x02, 0x0C, 0x02, 0x7F,// M  
 128              0x00, 0x7F, 0x04, 0x08, 0x10, 0x7F,// N  
 129              0x00, 0x3E, 0x41, 0x41, 0x41, 0x3E,// O  
 130              0x00, 0x7F, 0x09, 0x09, 0x09, 0x06,// P  
 131              0x00, 0x3E, 0x41, 0x51, 0x21, 0x5E,// Q  
 132              0x00, 0x7F, 0x09, 0x19, 0x29, 0x46,// R  
 133              0x00, 0x46, 0x49, 0x49, 0x49, 0x31,// S  
 134              0x00, 0x01, 0x01, 0x7F, 0x01, 0x01,// T  
 135              0x00, 0x3F, 0x40, 0x40, 0x40, 0x3F,// U  
 136              0x00, 0x1F, 0x20, 0x40, 0x20, 0x1F,// V  
 137              0x00, 0x3F, 0x40, 0x38, 0x40, 0x3F,// W  
 138              0x00, 0x63, 0x14, 0x08, 0x14, 0x63,// X  
 139              0x00, 0x07, 0x08, 0x70, 0x08, 0x07,// Y  
 140              0x00, 0x61, 0x51, 0x49, 0x45, 0x43,// Z  
 141              0x00, 0x00, 0x7F, 0x41, 0x41, 0x00,// [  
 142              0x00, 0x55, 0x2A, 0x55, 0x2A, 0x55,// 55  
 143              0x00, 0x00, 0x41, 0x41, 0x7F, 0x00,// ]  
 144              0x00, 0x04, 0x02, 0x01, 0x02, 0x04,// ^  
 145              0x00, 0x40, 0x40, 0x40, 0x40, 0x40,// _  
 146              0x00, 0x00, 0x01, 0x02, 0x04, 0x00,// '  
 147              0x00, 0x20, 0x54, 0x54, 0x54, 0x78,// a  
 148              0x00, 0x7F, 0x48, 0x44, 0x44, 0x38,// b  
 149              0x00, 0x38, 0x44, 0x44, 0x44, 0x20,// c  
 150              0x00, 0x38, 0x44, 0x44, 0x48, 0x7F,// d  
 151              0x00, 0x38, 0x54, 0x54, 0x54, 0x18,// e  
 152              0x00, 0x08, 0x7E, 0x09, 0x01, 0x02,// f  
 153              0x00, 0x18, 0xA4, 0xA4, 0xA4, 0x7C,// g  
 154              0x00, 0x7F, 0x08, 0x04, 0x04, 0x78,// h  
 155              0x00, 0x00, 0x44, 0x7D, 0x40, 0x00,// i  
 156              0x00, 0x40, 0x80, 0x84, 0x7D, 0x00,// j  
 157              0x00, 0x7F, 0x10, 0x28, 0x44, 0x00,// k  
 158              0x00, 0x00, 0x41, 0x7F, 0x40, 0x00,// l  
 159              0x00, 0x7C, 0x04, 0x18, 0x04, 0x78,// m  
 160              0x00, 0x7C, 0x08, 0x04, 0x04, 0x78,// n  
 161              0x00, 0x38, 0x44, 0x44, 0x44, 0x38,// o  
 162              0x00, 0xFC, 0x24, 0x24, 0x24, 0x18,// p  
 163              0x00, 0x18, 0x24, 0x24, 0x18, 0xFC,// q  
 164              0x00, 0x7C, 0x08, 0x04, 0x04, 0x08,// r  
 165              0x00, 0x48, 0x54, 0x54, 0x54, 0x20,// s  
 166              0x00, 0x04, 0x3F, 0x44, 0x40, 0x20,// t  
 167              0x00, 0x3C, 0x40, 0x40, 0x20, 0x7C,// u  
 168              0x00, 0x1C, 0x20, 0x40, 0x20, 0x1C,// v  
 169              0x00, 0x3C, 0x40, 0x30, 0x40, 0x3C,// w  
 170              0x00, 0x44, 0x28, 0x10, 0x28, 0x44,// x  
 171              0x00, 0x1C, 0xA0, 0xA0, 0xA0, 0x7C,// y  
 172              0x00, 0x44, 0x64, 0x54, 0x4C, 0x44,// z  
 173              0x14, 0x14, 0x14, 0x14, 0x14, 0x14,// horiz lines  
 174          };  
 175          /****************************************8*16************************************/  
 176          const uint8_t code F8X16[]=      
 177          {  
 178            0x00,0x00,0x00,0x00,0x00,0x00,0x00,0x00,0x00,0x00,0x00,0x00,0x00,0x00,0x00,0x00,// 0  
C51 COMPILER V9.00   CODETAB                                                               11/17/2018 15:05:57 PAGE 4   

 179            0x00,0x00,0x00,0xF8,0x00,0x00,0x00,0x00,0x00,0x00,0x00,0x33,0x30,0x00,0x00,0x00,//! 1  
 180            0x00,0x10,0x0C,0x06,0x10,0x0C,0x06,0x00,0x00,0x00,0x00,0x00,0x00,0x00,0x00,0x00,//" 2  
 181            0x40,0xC0,0x78,0x40,0xC0,0x78,0x40,0x00,0x04,0x3F,0x04,0x04,0x3F,0x04,0x04,0x00,//# 3  
 182            0x00,0x70,0x88,0xFC,0x08,0x30,0x00,0x00,0x00,0x18,0x20,0xFF,0x21,0x1E,0x00,0x00,//$ 4  
 183            0xF0,0x08,0xF0,0x00,0xE0,0x18,0x00,0x00,0x00,0x21,0x1C,0x03,0x1E,0x21,0x1E,0x00,//% 5  
 184            0x00,0xF0,0x08,0x88,0x70,0x00,0x00,0x00,0x1E,0x21,0x23,0x24,0x19,0x27,0x21,0x10,//& 6  
 185            0x10,0x16,0x0E,0x00,0x00,0x00,0x00,0x00,0x00,0x00,0x00,0x00,0x00,0x00,0x00,0x00,//' 7  
 186            0x00,0x00,0x00,0xE0,0x18,0x04,0x02,0x00,0x00,0x00,0x00,0x07,0x18,0x20,0x40,0x00,//( 8  
 187            0x00,0x02,0x04,0x18,0xE0,0x00,0x00,0x00,0x00,0x40,0x20,0x18,0x07,0x00,0x00,0x00,//) 9  
 188            0x40,0x40,0x80,0xF0,0x80,0x40,0x40,0x00,0x02,0x02,0x01,0x0F,0x01,0x02,0x02,0x00,//* 10  
 189            0x00,0x00,0x00,0xF0,0x00,0x00,0x00,0x00,0x01,0x01,0x01,0x1F,0x01,0x01,0x01,0x00,//+ 11  
 190            0x00,0x00,0x00,0x00,0x00,0x00,0x00,0x00,0x80,0xB0,0x70,0x00,0x00,0x00,0x00,0x00,//, 12  
 191            0x00,0x00,0x00,0x00,0x00,0x00,0x00,0x00,0x00,0x01,0x01,0x01,0x01,0x01,0x01,0x01,//- 13  
 192            0x00,0x00,0x00,0x00,0x00,0x00,0x00,0x00,0x00,0x30,0x30,0x00,0x00,0x00,0x00,0x00,//. 14  
 193            0x00,0x00,0x00,0x00,0x80,0x60,0x18,0x04,0x00,0x60,0x18,0x06,0x01,0x00,0x00,0x00,/// 15  
 194            0x00,0xE0,0x10,0x08,0x08,0x10,0xE0,0x00,0x00,0x0F,0x10,0x20,0x20,0x10,0x0F,0x00,//0 16  
 195            0x00,0x10,0x10,0xF8,0x00,0x00,0x00,0x00,0x00,0x20,0x20,0x3F,0x20,0x20,0x00,0x00,//1 17  
 196            0x00,0x70,0x08,0x08,0x08,0x88,0x70,0x00,0x00,0x30,0x28,0x24,0x22,0x21,0x30,0x00,//2 18  
 197            0x00,0x30,0x08,0x88,0x88,0x48,0x30,0x00,0x00,0x18,0x20,0x20,0x20,0x11,0x0E,0x00,//3 19  
 198            0x00,0x00,0xC0,0x20,0x10,0xF8,0x00,0x00,0x00,0x07,0x04,0x24,0x24,0x3F,0x24,0x00,//4 20  
 199            0x00,0xF8,0x08,0x88,0x88,0x08,0x08,0x00,0x00,0x19,0x21,0x20,0x20,0x11,0x0E,0x00,//5 21  
 200            0x00,0xE0,0x10,0x88,0x88,0x18,0x00,0x00,0x00,0x0F,0x11,0x20,0x20,0x11,0x0E,0x00,//6 22  
 201            0x00,0x38,0x08,0x08,0xC8,0x38,0x08,0x00,0x00,0x00,0x00,0x3F,0x00,0x00,0x00,0x00,//7 23  
 202            0x00,0x70,0x88,0x08,0x08,0x88,0x70,0x00,0x00,0x1C,0x22,0x21,0x21,0x22,0x1C,0x00,//8 24  
 203            0x00,0xE0,0x10,0x08,0x08,0x10,0xE0,0x00,0x00,0x00,0x31,0x22,0x22,0x11,0x0F,0x00,//9 25  
 204            0x00,0x00,0x00,0xC0,0xC0,0x00,0x00,0x00,0x00,0x00,0x00,0x30,0x30,0x00,0x00,0x00,//: 26  
 205            0x00,0x00,0x00,0x80,0x00,0x00,0x00,0x00,0x00,0x00,0x80,0x60,0x00,0x00,0x00,0x00,//; 27  
 206            0x00,0x00,0x80,0x40,0x20,0x10,0x08,0x00,0x00,0x01,0x02,0x04,0x08,0x10,0x20,0x00,//< 28  
 207            0x40,0x40,0x40,0x40,0x40,0x40,0x40,0x00,0x04,0x04,0x04,0x04,0x04,0x04,0x04,0x00,//= 29  
 208            0x00,0x08,0x10,0x20,0x40,0x80,0x00,0x00,0x00,0x20,0x10,0x08,0x04,0x02,0x01,0x00,//> 30  
 209            0x00,0x70,0x48,0x08,0x08,0x08,0xF0,0x00,0x00,0x00,0x00,0x30,0x36,0x01,0x00,0x00,//? 31  
 210            0xC0,0x30,0xC8,0x28,0xE8,0x10,0xE0,0x00,0x07,0x18,0x27,0x24,0x23,0x14,0x0B,0x00,//@ 32  
 211            0x00,0x00,0xC0,0x38,0xE0,0x00,0x00,0x00,0x20,0x3C,0x23,0x02,0x02,0x27,0x38,0x20,//A 33  
 212            0x08,0xF8,0x88,0x88,0x88,0x70,0x00,0x00,0x20,0x3F,0x20,0x20,0x20,0x11,0x0E,0x00,//B 34  
 213            0xC0,0x30,0x08,0x08,0x08,0x08,0x38,0x00,0x07,0x18,0x20,0x20,0x20,0x10,0x08,0x00,//C 35  
 214            0x08,0xF8,0x08,0x08,0x08,0x10,0xE0,0x00,0x20,0x3F,0x20,0x20,0x20,0x10,0x0F,0x00,//D 36  
 215            0x08,0xF8,0x88,0x88,0xE8,0x08,0x10,0x00,0x20,0x3F,0x20,0x20,0x23,0x20,0x18,0x00,//E 37  
 216            0x08,0xF8,0x88,0x88,0xE8,0x08,0x10,0x00,0x20,0x3F,0x20,0x00,0x03,0x00,0x00,0x00,//F 38  
 217            0xC0,0x30,0x08,0x08,0x08,0x38,0x00,0x00,0x07,0x18,0x20,0x20,0x22,0x1E,0x02,0x00,//G 39  
 218            0x08,0xF8,0x08,0x00,0x00,0x08,0xF8,0x08,0x20,0x3F,0x21,0x01,0x01,0x21,0x3F,0x20,//H 40  
 219            0x00,0x08,0x08,0xF8,0x08,0x08,0x00,0x00,0x00,0x20,0x20,0x3F,0x20,0x20,0x00,0x00,//I 41  
 220            0x00,0x00,0x08,0x08,0xF8,0x08,0x08,0x00,0xC0,0x80,0x80,0x80,0x7F,0x00,0x00,0x00,//J 42  
 221            0x08,0xF8,0x88,0xC0,0x28,0x18,0x08,0x00,0x20,0x3F,0x20,0x01,0x26,0x38,0x20,0x00,//K 43  
 222            0x08,0xF8,0x08,0x00,0x00,0x00,0x00,0x00,0x20,0x3F,0x20,0x20,0x20,0x20,0x30,0x00,//L 44  
 223            0x08,0xF8,0xF8,0x00,0xF8,0xF8,0x08,0x00,0x20,0x3F,0x00,0x3F,0x00,0x3F,0x20,0x00,//M 45  
 224            0x08,0xF8,0x30,0xC0,0x00,0x08,0xF8,0x08,0x20,0x3F,0x20,0x00,0x07,0x18,0x3F,0x00,//N 46  
 225            0xE0,0x10,0x08,0x08,0x08,0x10,0xE0,0x00,0x0F,0x10,0x20,0x20,0x20,0x10,0x0F,0x00,//O 47  
 226            0x08,0xF8,0x08,0x08,0x08,0x08,0xF0,0x00,0x20,0x3F,0x21,0x01,0x01,0x01,0x00,0x00,//P 48  
 227            0xE0,0x10,0x08,0x08,0x08,0x10,0xE0,0x00,0x0F,0x18,0x24,0x24,0x38,0x50,0x4F,0x00,//Q 49  
 228            0x08,0xF8,0x88,0x88,0x88,0x88,0x70,0x00,0x20,0x3F,0x20,0x00,0x03,0x0C,0x30,0x20,//R 50  
 229            0x00,0x70,0x88,0x08,0x08,0x08,0x38,0x00,0x00,0x38,0x20,0x21,0x21,0x22,0x1C,0x00,//S 51  
 230            0x18,0x08,0x08,0xF8,0x08,0x08,0x18,0x00,0x00,0x00,0x20,0x3F,0x20,0x00,0x00,0x00,//T 52  
 231            0x08,0xF8,0x08,0x00,0x00,0x08,0xF8,0x08,0x00,0x1F,0x20,0x20,0x20,0x20,0x1F,0x00,//U 53  
 232            0x08,0x78,0x88,0x00,0x00,0xC8,0x38,0x08,0x00,0x00,0x07,0x38,0x0E,0x01,0x00,0x00,//V 54  
 233            0xF8,0x08,0x00,0xF8,0x00,0x08,0xF8,0x00,0x03,0x3C,0x07,0x00,0x07,0x3C,0x03,0x00,//W 55  
 234            0x08,0x18,0x68,0x80,0x80,0x68,0x18,0x08,0x20,0x30,0x2C,0x03,0x03,0x2C,0x30,0x20,//X 56  
 235            0x08,0x38,0xC8,0x00,0xC8,0x38,0x08,0x00,0x00,0x00,0x20,0x3F,0x20,0x00,0x00,0x00,//Y 57  
 236            0x10,0x08,0x08,0x08,0xC8,0x38,0x08,0x00,0x20,0x38,0x26,0x21,0x20,0x20,0x18,0x00,//Z 58  
 237            0x00,0x00,0x00,0xFE,0x02,0x02,0x02,0x00,0x00,0x00,0x00,0x7F,0x40,0x40,0x40,0x00,//[ 59  
 238            0x00,0x0C,0x30,0xC0,0x00,0x00,0x00,0x00,0x00,0x00,0x00,0x01,0x06,0x38,0xC0,0x00,//\ 60  
 239            0x00,0x02,0x02,0x02,0xFE,0x00,0x00,0x00,0x00,0x40,0x40,0x40,0x7F,0x00,0x00,0x00,//] 61  
 240            0x00,0x00,0x04,0x02,0x02,0x02,0x04,0x00,0x00,0x00,0x00,0x00,0x00,0x00,0x00,0x00,//^ 62  
C51 COMPILER V9.00   CODETAB                                                               11/17/2018 15:05:57 PAGE 5   

 241            0x00,0x00,0x00,0x00,0x00,0x00,0x00,0x00,0x80,0x80,0x80,0x80,0x80,0x80,0x80,0x80,//_ 63  
 242            0x00,0x02,0x02,0x04,0x00,0x00,0x00,0x00,0x00,0x00,0x00,0x00,0x00,0x00,0x00,0x00,//` 64  
 243            0x00,0x00,0x80,0x80,0x80,0x80,0x00,0x00,0x00,0x19,0x24,0x22,0x22,0x22,0x3F,0x20,//a 65  
 244            0x08,0xF8,0x00,0x80,0x80,0x00,0x00,0x00,0x00,0x3F,0x11,0x20,0x20,0x11,0x0E,0x00,//b 66  
 245            0x00,0x00,0x00,0x80,0x80,0x80,0x00,0x00,0x00,0x0E,0x11,0x20,0x20,0x20,0x11,0x00,//c 67  
 246            0x00,0x00,0x00,0x80,0x80,0x88,0xF8,0x00,0x00,0x0E,0x11,0x20,0x20,0x10,0x3F,0x20,//d 68  
 247            0x00,0x00,0x80,0x80,0x80,0x80,0x00,0x00,0x00,0x1F,0x22,0x22,0x22,0x22,0x13,0x00,//e 69  
 248            0x00,0x80,0x80,0xF0,0x88,0x88,0x88,0x18,0x00,0x20,0x20,0x3F,0x20,0x20,0x00,0x00,//f 70  
 249            0x00,0x00,0x80,0x80,0x80,0x80,0x80,0x00,0x00,0x6B,0x94,0x94,0x94,0x93,0x60,0x00,//g 71  
 250            0x08,0xF8,0x00,0x80,0x80,0x80,0x00,0x00,0x20,0x3F,0x21,0x00,0x00,0x20,0x3F,0x20,//h 72  
 251            0x00,0x80,0x98,0x98,0x00,0x00,0x00,0x00,0x00,0x20,0x20,0x3F,0x20,0x20,0x00,0x00,//i 73  
 252            0x00,0x00,0x00,0x80,0x98,0x98,0x00,0x00,0x00,0xC0,0x80,0x80,0x80,0x7F,0x00,0x00,//j 74  
 253            0x08,0xF8,0x00,0x00,0x80,0x80,0x80,0x00,0x20,0x3F,0x24,0x02,0x2D,0x30,0x20,0x00,//k 75  
 254            0x00,0x08,0x08,0xF8,0x00,0x00,0x00,0x00,0x00,0x20,0x20,0x3F,0x20,0x20,0x00,0x00,//l 76  
 255            0x80,0x80,0x80,0x80,0x80,0x80,0x80,0x00,0x20,0x3F,0x20,0x00,0x3F,0x20,0x00,0x3F,//m 77  
 256            0x80,0x80,0x00,0x80,0x80,0x80,0x00,0x00,0x20,0x3F,0x21,0x00,0x00,0x20,0x3F,0x20,//n 78  
 257            0x00,0x00,0x80,0x80,0x80,0x80,0x00,0x00,0x00,0x1F,0x20,0x20,0x20,0x20,0x1F,0x00,//o 79  
 258            0x80,0x80,0x00,0x80,0x80,0x00,0x00,0x00,0x80,0xFF,0xA1,0x20,0x20,0x11,0x0E,0x00,//p 80  
 259            0x00,0x00,0x00,0x80,0x80,0x80,0x80,0x00,0x00,0x0E,0x11,0x20,0x20,0xA0,0xFF,0x80,//q 81  
 260            0x80,0x80,0x80,0x00,0x80,0x80,0x80,0x00,0x20,0x20,0x3F,0x21,0x20,0x00,0x01,0x00,//r 82  
 261            0x00,0x00,0x80,0x80,0x80,0x80,0x80,0x00,0x00,0x33,0x24,0x24,0x24,0x24,0x19,0x00,//s 83  
 262            0x00,0x80,0x80,0xE0,0x80,0x80,0x00,0x00,0x00,0x00,0x00,0x1F,0x20,0x20,0x00,0x00,//t 84  
 263            0x80,0x80,0x00,0x00,0x00,0x80,0x80,0x00,0x00,0x1F,0x20,0x20,0x20,0x10,0x3F,0x20,//u 85  
 264            0x80,0x80,0x80,0x00,0x00,0x80,0x80,0x80,0x00,0x01,0x0E,0x30,0x08,0x06,0x01,0x00,//v 86  
 265            0x80,0x80,0x00,0x80,0x00,0x80,0x80,0x80,0x0F,0x30,0x0C,0x03,0x0C,0x30,0x0F,0x00,//w 87  
 266            0x00,0x80,0x80,0x00,0x80,0x80,0x80,0x00,0x00,0x20,0x31,0x2E,0x0E,0x31,0x20,0x00,//x 88  
 267            0x80,0x80,0x80,0x00,0x00,0x80,0x80,0x80,0x80,0x81,0x8E,0x70,0x18,0x06,0x01,0x00,//y 89  
 268            0x00,0x80,0x80,0x80,0x80,0x80,0x80,0x00,0x00,0x21,0x30,0x2C,0x22,0x21,0x30,0x00,//z 90  
 269            0x00,0x00,0x00,0x00,0x80,0x7C,0x02,0x02,0x00,0x00,0x00,0x00,0x00,0x3F,0x40,0x40,//{ 91  
 270            0x00,0x00,0x00,0x00,0xFF,0x00,0x00,0x00,0x00,0x00,0x00,0x00,0xFF,0x00,0x00,0x00,//| 92  
 271            0x00,0x02,0x02,0x7C,0x80,0x00,0x00,0x00,0x00,0x40,0x40,0x3F,0x00,0x00,0x00,0x00,//} 93  
 272            0x00,0x06,0x01,0x01,0x02,0x02,0x04,0x04,0x00,0x00,0x00,0x00,0x00,0x00,0x00,0x00,//~ 94  
 273          };  


MODULE INFORMATION:   STATIC OVERLAYABLE
   CODE SIZE        =   ----    ----
   CONSTANT SIZE    =   2456    ----
   XDATA SIZE       =   ----    ----
   PDATA SIZE       =   ----    ----
   DATA SIZE        =   ----    ----
   IDATA SIZE       =   ----    ----
   BIT SIZE         =   ----    ----
END OF MODULE INFORMATION.


C51 COMPILATION COMPLETE.  0 WARNING(S),  0 ERROR(S)
