C51 COMPILER V9.00   OLED                                                                  11/17/2018 15:05:57 PAGE 1   


C51 COMPILER V9.00, COMPILATION OF MODULE OLED
OBJECT MODULE PLACED IN oled.OBJ
COMPILER INVOKED BY: D:\Software\KEIL 4\C51\BIN\C51.EXE oled.c BROWSE INCDIR(.\lib) DEBUG OBJECTEXTEND

line level    source

   1          #include<reg52.h>
   2          #include"IIC.h"
   3          #include"OLED_12864.h"
   4          #include"codetab.h"
   5          
   6          code char lin[]={
   7          0x10,0x10,0xD0,0xFF,0x90,0x10,0x00,0x10,0x10,0xD0,0xFF,0xD0,0x10,0x10,0x10,0x00,
   8          0x04,0x03,0x00,0xFF,0x00,0x11,0x08,0x04,0x03,0x00,0xFF,0x00,0x03,0x04,0x08,0x00,/*"林",0*/
   9          };
  10          
  11          code char ying[]={
  12          0x00,0x00,0xFC,0x04,0x44,0x84,0x04,0x25,0xC6,0x04,0x04,0x04,0x04,0xE4,0x04,0x00,
  13          0x40,0x30,0x0F,0x40,0x40,0x41,0x4E,0x40,0x40,0x63,0x50,0x4C,0x43,0x40,0x40,0x00,/*"应",0*/
  14          };
  15          
  16          code char shuang[]={
  17          0x04,0x34,0xC4,0x04,0xC4,0x3C,0x00,0x04,0xFC,0x04,0x04,0x04,0xC4,0x3C,0x00,0x00,
  18          0x40,0x30,0x0C,0x03,0x0C,0x30,0x80,0x40,0x20,0x13,0x0C,0x13,0x20,0x40,0x80,0x00,/*"双",1*/
  19          };
  20          
  21          code char bmp[]={
  22          0x00,0x00,0x00,0x00,0x00,0x00,0x00,0x00,0x00,0x00,0x00,0x00,0x00,0x00,0x00,0x00,
  23          0x00,0x00,0x00,0x00,0x00,0x00,0x00,0x00,0x00,0x00,0x00,0x00,0x00,0x00,0x00,0x00,
  24          0x00,0x00,0x00,0x00,0x00,0x00,0x00,0x00,0x00,0x00,0x00,0x00,0x00,0x00,0x00,0x00,
  25          0x00,0x00,0x00,0x00,0x00,0x00,0x00,0x00,0x00,0x00,0x00,0x00,0x00,0x00,0x00,0x00,
  26          0x00,0x00,0x00,0x00,0x00,0x00,0x00,0x00,0x00,0x00,0x00,0x00,0x00,0x00,0x00,0x00,
  27          0x00,0x00,0x00,0x00,0x00,0x00,0x00,0x00,0x00,0x00,0x00,0x00,0x00,0x00,0x80,0x80,
  28          0x80,0x80,0x80,0x80,0x80,0x80,0x80,0x80,0x80,0x80,0x80,0x80,0x80,0x80,0x80,0x00,
  29          0x00,0x00,0x00,0x00,0x00,0x00,0x00,0x00,0x00,0x00,0x00,0x00,0x00,0x00,0x00,0x00,
  30          0x00,0x00,0x00,0x00,0x00,0x00,0x00,0x00,0x00,0x00,0x00,0xF0,0x18,0x0C,0x06,0x62,
  31          0xC2,0xC2,0x82,0x81,0xC1,0x01,0x01,0x01,0x41,0xC1,0x81,0x82,0x82,0x82,0x04,0x0C,
  32          0xF8,0x00,0x00,0x00,0x00,0x00,0x00,0x00,0x00,0x00,0x00,0x00,0x00,0x00,0x00,0x00,
  33          0x80,0xC0,0x20,0x30,0x10,0x10,0x08,0x08,0x08,0x04,0x04,0x04,0x04,0x04,0x04,0x04,
  34          0x08,0x08,0x08,0x10,0x10,0x10,0x20,0x40,0xC0,0x00,0x00,0x00,0x00,0x00,0x00,0x00,
  35          0x00,0x00,0x00,0x00,0xF0,0x18,0x08,0x04,0x44,0x66,0x22,0x23,0x21,0x21,0x61,0x00,
  36          0x00,0x00,0x00,0x40,0x40,0x40,0x60,0x20,0x20,0x20,0x20,0xE0,0x00,0x00,0x00,0x01,
  37          0x01,0x03,0xFC,0x00,0x00,0x00,0x00,0x00,0x00,0x00,0x00,0x00,0x00,0x00,0x00,0x00,
  38          0x00,0x00,0x00,0x00,0x00,0x00,0x00,0x00,0x00,0x00,0x00,0x0F,0x70,0xC0,0x00,0x00,
  39          0x00,0x00,0x20,0x20,0x20,0x20,0x60,0xC0,0x00,0x00,0x00,0x00,0x80,0xC0,0x20,0x1C,
  40          0x07,0x00,0x00,0x00,0x00,0x00,0x00,0x00,0x00,0x00,0x00,0x00,0x00,0x00,0x00,0x00,
  41          0xFF,0x00,0x00,0x00,0x0C,0x04,0x06,0x02,0x06,0x0C,0x00,0x00,0x00,0x00,0x18,0x0C,
  42          0x04,0x04,0x04,0x0C,0x00,0x00,0x00,0x00,0x80,0x7F,0x00,0x00,0x00,0x00,0x00,0x00,
  43          0x00,0x00,0x00,0x00,0x7F,0x80,0x00,0x00,0x00,0x00,0x00,0x00,0x00,0x60,0xC0,0x80,
  44          0x80,0x80,0x80,0x80,0xC0,0x40,0x00,0x00,0x00,0x00,0x00,0x00,0x80,0xC0,0x40,0x30,
  45          0x08,0x06,0x01,0x00,0x00,0x00,0x00,0x00,0x00,0x00,0x00,0x00,0x00,0x00,0x00,0x00,
  46          0x00,0x00,0x00,0x00,0x00,0x00,0x00,0x00,0x00,0x00,0x00,0x00,0x00,0x01,0x03,0x06,
  47          0x08,0x10,0x10,0xFC,0x04,0x04,0x04,0x04,0x04,0x06,0x02,0x03,0x01,0x00,0x00,0x00,
  48          0x00,0x00,0x00,0x00,0x00,0x00,0x00,0x00,0x00,0x00,0x00,0x00,0x00,0x00,0x00,0x00,
  49          0x01,0x06,0x1C,0x30,0x20,0x40,0xC0,0x82,0x02,0x02,0x86,0x44,0x44,0x64,0x24,0x20,
  50          0x20,0x30,0x10,0x10,0x18,0x08,0x04,0x07,0x01,0x00,0x00,0x00,0x00,0x00,0x00,0x00,
  51          0x00,0x00,0x00,0x00,0x00,0x01,0x03,0x04,0x08,0x10,0x10,0x20,0x20,0x40,0x40,0xE0,
  52          0x70,0x50,0x10,0x08,0x08,0x04,0x04,0x06,0x02,0x03,0x01,0x01,0x00,0x00,0x00,0x00,
  53          0x00,0x00,0x00,0x00,0x00,0x00,0x00,0x00,0x00,0x00,0x00,0x00,0x00,0x00,0x00,0x00,
  54          0x00,0x00,0x00,0x00,0x00,0x00,0x00,0x40,0x60,0x20,0x20,0x10,0x10,0x08,0x08,0x04,
  55          0x06,0x02,0x03,0xFF,0x02,0x06,0x0C,0x08,0x10,0x20,0x60,0xC0,0x80,0x00,0x00,0x00,
C51 COMPILER V9.00   OLED                                                                  11/17/2018 15:05:57 PAGE 2   

  56          0x00,0x00,0x00,0x00,0x00,0x00,0x00,0x00,0x00,0x00,0x00,0x00,0x00,0x00,0x00,0x00,
  57          0x00,0x00,0x00,0x00,0x80,0x80,0x80,0x40,0x61,0x21,0x13,0xFF,0x20,0x60,0xC0,0x80,
  58          0x00,0x00,0x00,0x00,0x00,0x00,0x00,0x00,0x00,0x00,0x00,0x00,0x00,0x00,0x00,0x00,
  59          0x80,0x80,0x80,0x80,0x40,0x40,0x40,0x40,0x40,0x20,0x20,0x20,0x20,0x30,0xD0,0x7F,
  60          0x20,0x60,0xC0,0x80,0x00,0x00,0x00,0x00,0x00,0x00,0x00,0x00,0x00,0x00,0x00,0x00,
  61          0x00,0x00,0x00,0x00,0x00,0x00,0x00,0x00,0x00,0x00,0x00,0x00,0x00,0x00,0x00,0x00,
  62          0x00,0x00,0x00,0x00,0x00,0x00,0x00,0x00,0x00,0x00,0x00,0x00,0x00,0x00,0x00,0x00,
  63          0x80,0x40,0x30,0x3F,0x60,0x80,0x00,0x00,0x00,0x00,0x00,0x00,0x01,0x03,0x0C,0x18,
  64          0x00,0x00,0x00,0x00,0x00,0x00,0x00,0x00,0x00,0x00,0x00,0x04,0x06,0x02,0x02,0x02,
  65          0x02,0x03,0x01,0x01,0x00,0x00,0x00,0x00,0x00,0x00,0x00,0xFF,0x00,0x00,0x00,0x00,
  66          0x03,0x06,0x18,0x30,0x40,0x80,0x00,0x00,0x00,0x00,0x00,0x00,0x02,0x01,0x01,0x01,
  67          0x00,0x00,0x00,0x00,0x00,0x00,0x00,0x00,0x00,0x00,0x00,0x00,0x00,0x00,0xFF,0x00,
  68          0x00,0x00,0x00,0x00,0x03,0x02,0x04,0x08,0x18,0x30,0x40,0xC0,0x80,0x00,0x00,0x00,
  69          0x00,0x00,0x00,0x00,0x00,0x00,0x00,0x00,0x00,0x00,0x00,0x00,0x00,0x00,0x00,0x00,
  70          0x00,0x00,0x00,0x00,0x00,0x00,0x00,0x00,0x00,0x60,0x20,0x10,0x08,0x04,0x06,0x03,
  71          0x01,0x00,0x00,0x00,0x00,0x01,0x03,0x04,0x18,0x30,0xC0,0x80,0x00,0x00,0x00,0x00,
  72          0x00,0x00,0x00,0x00,0x00,0x00,0x00,0x00,0x00,0x00,0x00,0x00,0x00,0x00,0x00,0x00,
  73          0x00,0x00,0x80,0xC0,0x60,0x30,0x18,0x08,0x04,0x02,0x07,0x0D,0x18,0x30,0x40,0x80,
  74          0x00,0x00,0x00,0x00,0x00,0x01,0x03,0x02,0x00,0x00,0x00,0x00,0x00,0x00,0x00,0x00,
  75          0x00,0x00,0x00,0x00,0x00,0x00,0x00,0x80,0xC0,0x60,0x30,0x18,0x0E,0x03,0x07,0x0C,
  76          0x18,0x30,0x20,0xC0,0x80,0x00,0x00,0x00,0x00,0x00,0x00,0x00,0x01,0x01,0x00,0x00,
  77          0x00,0x00,0x00,0x00,0x00,0x00,0x00,0x00,0x00,0x00,0x00,0x00,0x00,0x00,0x00,0x00,
  78          0x00,0x00,0x00,0x00,0x00,0x00,0x00,0x00,0x00,0x00,0x00,0x00,0x00,0x00,0x00,0x00,
  79          0x00,0x00,0x00,0x00,0x00,0x00,0x00,0x00,0x00,0x00,0x00,0x01,0x03,0x06,0x0C,0x00,
  80          0x00,0x00,0x00,0x00,0x00,0x00,0x00,0x00,0x00,0x00,0x00,0x00,0x00,0x00,0x00,0x00,
  81          0x01,0x01,0x01,0x00,0x00,0x00,0x00,0x00,0x00,0x00,0x00,0x00,0x00,0x00,0x00,0x00,
  82          0x01,0x02,0x06,0x04,0x04,0x0C,0x00,0x00,0x00,0x00,0x00,0x00,0x00,0x00,0x00,0x00,
  83          0x00,0x00,0x00,0x00,0x00,0x02,0x03,0x01,0x00,0x00,0x00,0x00,0x00,0x00,0x00,0x00,
  84          0x00,0x00,0x00,0x00,0x01,0x03,0x06,0x04,0x00,0x00,0x00,0x00,0x00,0x00,0x00,0x00,
  85          0x00,0x00,0x00,0x00,0x00,0x00,0x00,0x00,0x00,0x00,0x00,0x00,0x00,0x00,0x00,0x00,/*"未命名文件",0*/
  86          };
  87          
  88          void main()
  89          {       
  90   1        OLED12864_Initial();    //初始化oled
  91   1        OLED12864_CLS();                //清屏操作
  92   1      //  OLED12864_ShowStr(4,4,"Hello world",2);      //显示字符串
  93   1      //  OLED12864_ShowChinese(0,0,0,lin);
  94   1      //  OLED12864_ShowChinese(16,0,0,ying);
  95   1      //  OLED12864_ShowChinese(32,0,0,shuang);                       
  96   1        OLED12864_DrawBMP(0,0,128,7,bmp);
  97   1        while(1);
  98   1      }
  99          


MODULE INFORMATION:   STATIC OVERLAYABLE
   CODE SIZE        =     28    ----
   CONSTANT SIZE    =   1120    ----
   XDATA SIZE       =   ----    ----
   PDATA SIZE       =   ----    ----
   DATA SIZE        =   ----    ----
   IDATA SIZE       =   ----    ----
   BIT SIZE         =   ----    ----
END OF MODULE INFORMATION.


C51 COMPILATION COMPLETE.  0 WARNING(S),  0 ERROR(S)
