C51 COMPILER V9.00   TIMERS                                                                01/02/2019 16:42:41 PAGE 1   


C51 COMPILER V9.00, COMPILATION OF MODULE TIMERS
OBJECT MODULE PLACED IN timers.OBJ
COMPILER INVOKED BY: D:\Software\KEIL 4\C51\BIN\C51.EXE timers.c BROWSE INCDIR(..\..\51 Library) DEBUG OBJECTEXTEND

line level    source

   1          #include<at89x52.h>
   2          #include<my.h>
   3          #include<MAX7219.h>
   4          
   5          
   6          void main()
   7          {  
   8   1         init7219();
   9   1         send2byte(8,DM7219[0]);
  10   1         send2byte(7,DM7219[1]);
  11   1         send2byte(6,DM7219[0]);
  12   1         send2byte(5,DM7219[2]);
  13   1         send2byte(4,DM7219[0]);
  14   1         send2byte(3,DM7219[4]);
  15   1         send2byte(2,DM7219[1]);
  16   1         send2byte(1,DM7219[2]);
  17   1         delaynms(1000);
  18   1         while(1);
  19   1      }
  20          


MODULE INFORMATION:   STATIC OVERLAYABLE
   CODE SIZE        =    301    ----
   CONSTANT SIZE    =   ----    ----
   XDATA SIZE       =   ----    ----
   PDATA SIZE       =   ----    ----
   DATA SIZE        =     32       1
   IDATA SIZE       =   ----    ----
   BIT SIZE         =   ----       1
END OF MODULE INFORMATION.


C51 COMPILATION COMPLETE.  0 WARNING(S),  0 ERROR(S)
