C51 COMPILER V9.00   HWDG                                                                  12/17/2018 10:20:15 PAGE 1   


C51 COMPILER V9.00, COMPILATION OF MODULE HWDG
OBJECT MODULE PLACED IN .\hwdg.obj
COMPILER INVOKED BY: D:\Software\KEIL 4\C51\BIN\C51.EXE ..\source\hwdg.c BROWSE DEBUG OBJECTEXTEND PRINT(.\hwdg.lst) OBJ
                    -ECT(.\hwdg.obj)

line level    source

   1          #include"hwdg.h"
   2          #include"global.h"
   3          #include"moto.h"
   4          
   5          void xunji()
   6          {
   7   1      //   if(R==0)             
   8   1      //   {
   9   1      //      DIR=2;
  10   1      //   }
  11   1      //   else
  12   1      //   {
  13   1      //      DIR=0;
  14   1      //   }
  15   1       if(R==1 && L==1)                 //碰到黑线
  16   1       {
  17   2        DIR=0;           //停止
  18   2       }
  19   1       else if(R==0 && L==0)    //没有碰到黑线
  20   1       {
  21   2        DIR=2;           //前进
  22   2       }
  23   1       else if(R==1 && L==0)
  24   1       {
  25   2        DIR=3;           //左转
  26   2       }
  27   1       else if(R==0 && L==1)
  28   1       {
  29   2        DIR=4;           //右转
  30   2       }
  31   1      }


MODULE INFORMATION:   STATIC OVERLAYABLE
   CODE SIZE        =     40    ----
   CONSTANT SIZE    =   ----    ----
   XDATA SIZE       =   ----    ----
   PDATA SIZE       =   ----    ----
   DATA SIZE        =   ----    ----
   IDATA SIZE       =   ----    ----
   BIT SIZE         =   ----    ----
END OF MODULE INFORMATION.


C51 COMPILATION COMPLETE.  0 WARNING(S),  0 ERROR(S)
