C51 COMPILER V9.00   MAIN                                                                  12/17/2018 10:20:13 PAGE 1   


C51 COMPILER V9.00, COMPILATION OF MODULE MAIN
OBJECT MODULE PLACED IN .\main.obj
COMPILER INVOKED BY: D:\Software\KEIL 4\C51\BIN\C51.EXE ..\source\main.c BROWSE DEBUG OBJECTEXTEND PRINT(.\main.lst) OBJ
                    -ECT(.\main.obj)

line level    source

   1          #include<at89x52.h>
   2          #include"global.h"
   3          #include"public.h"
   4          #include"moto.h"
   5          #include"display.h"
   6          #include"speed.h"
   7          #include"hwdg.h"
   8          
   9          uchar C_PWM,C_REF;
  10          uint C_SEC;         //秒信号
  11          uint C_DIS;         //测距时间标记 
  12          
  13          void main()
  14          {
  15   1        delaynms(400);
  16   1        initINT();       //外部中断初始化
  17   1        TMOD=0X51;
  18   1        ET0=TR0=TR1=1;
  19   1        EA=1;
  20   1        while(1)
  21   1        {
  22   2         //DIR=2;
  23   2         SHIFT=3;         
  24   2         xunji();
  25   2        }
  26   1      }
  27          
  28          T_0()interrupt 1
  29          {
  30   1       TH0=(65535-2000)/256;
  31   1       TL0=(65535-2000)%256;
  32   1       C_PWM++;if(C_PWM>4) C_PWM=0;
  33   1      
  34   1        if(C_PWM<SHIFT) run();             //电机控制
  35   1        else stop();
  36   1      }


MODULE INFORMATION:   STATIC OVERLAYABLE
   CODE SIZE        =    118    ----
   CONSTANT SIZE    =   ----    ----
   XDATA SIZE       =   ----    ----
   PDATA SIZE       =   ----    ----
   DATA SIZE        =      6    ----
   IDATA SIZE       =   ----    ----
   BIT SIZE         =   ----    ----
END OF MODULE INFORMATION.


C51 COMPILATION COMPLETE.  0 WARNING(S),  0 ERROR(S)
