C51 COMPILER V9.00   SPEED                                                                 12/17/2018 10:20:14 PAGE 1   


C51 COMPILER V9.00, COMPILATION OF MODULE SPEED
OBJECT MODULE PLACED IN .\speed.obj
COMPILER INVOKED BY: D:\Software\KEIL 4\C51\BIN\C51.EXE ..\source\speed.c BROWSE DEBUG OBJECTEXTEND PRINT(.\speed.lst) O
                    -BJECT(.\speed.obj)

line level    source

   1          #include<at89x52.h>
   2          #include"global.h"
   3          #include"speed.h"
   4          
   5          uchar num;     //装计数值
   6          uchar speed;    //装计数值
   7          uchar speedstr[]="0.00km/H";
   8          
   9          void speedcalc(void)
  10          {
  11   1        num=TL1;
  12   1        TL1=0;                         //获取计数值
  13   1        speed=num*37.8;        //计算速度
  14   1        speedstr[0]=speed/100/10+'0';   //千位转码
  15   1        speedstr[2]=speed/100%10+'0';
  16   1        speedstr[3]=speed%100/10+'0';
  17   1      }
  18          
  19          
  20          
  21          


MODULE INFORMATION:   STATIC OVERLAYABLE
   CODE SIZE        =     70    ----
   CONSTANT SIZE    =   ----    ----
   XDATA SIZE       =   ----    ----
   PDATA SIZE       =   ----    ----
   DATA SIZE        =     11    ----
   IDATA SIZE       =   ----    ----
   BIT SIZE         =   ----    ----
END OF MODULE INFORMATION.


C51 COMPILATION COMPLETE.  0 WARNING(S),  0 ERROR(S)
