C51 COMPILER V9.00   ULTRA                                                                 12/17/2018 10:20:14 PAGE 1   


C51 COMPILER V9.00, COMPILATION OF MODULE ULTRA
OBJECT MODULE PLACED IN .\Ultra.obj
COMPILER INVOKED BY: D:\Software\KEIL 4\C51\BIN\C51.EXE ..\source\Ultra.c BROWSE DEBUG OBJECTEXTEND PRINT(.\Ultra.lst) O
                    -BJECT(.\Ultra.obj)

line level    source

   1          #include<at89x52.h>
   2          #include"GLOBAL.h"
   3          #include"moto.h"
   4          #include"public.h"
   5          #include"Ultra.h"
   6          
   7          uint time;    //超声波回响时间，单位微秒
   8          uint  S;      //距离，单位厘米
   9          uchar NEAR;   //距离最小值
  10          bit OR;       //溢出标记
  11          uchar Sstr[]="   0.00m"; 
  12          
  13          void initT2()    //T2定时器初始化
  14          {
  15   1        ET2=1;
  16   1      }
  17          
  18          void distance(void)
  19          {
  20   1              ECHO=0;
  21   1              TRIG = 0;
  22   1              TRIG = 1;
  23   1              delay10us();   //延时10us       
  24   1              TRIG = 0;          //启动超声波模块
  25   1              while(!ECHO);
  26   1              TR2=1;        //回响一到启动定时
  27   1          while(ECHO);  //回响结束关闭定时
  28   1              TR2=0;
  29   1              time = TH2*256+TL2;
  30   1              TH2=TL2=0;
  31   1              S=time*0.017;  //每秒340米，每微秒0.034厘米
  32   1              if(time<1000)
  33   1              {
  34   2               DIR=3;
  35   2              }
  36   1              else
  37   1              {
  38   2               DIR=BDIR;
  39   2              }
  40   1              if(OR)
  41   1              {
  42   2               Sstr[3]=Sstr[5]=Sstr[6]='-';
  43   2               OR=0;
  44   2              }
  45   1              else
  46   1              {
  47   2               Sstr[3]=S/100+'0';
  48   2               Sstr[5]=S%100/10+'0';
  49   2               Sstr[6]=S%10+'0';
  50   2              }
  51   1      }
  52          
  53          void T_2()interrupt 5
  54          {
C51 COMPILER V9.00   ULTRA                                                                 12/17/2018 10:20:14 PAGE 2   

  55   1       OR = 1;
  56   1       TF2 = 0;
  57   1      }
  58          
  59          


MODULE INFORMATION:   STATIC OVERLAYABLE
   CODE SIZE        =    171    ----
   CONSTANT SIZE    =   ----    ----
   XDATA SIZE       =   ----    ----
   PDATA SIZE       =   ----    ----
   DATA SIZE        =     14    ----
   IDATA SIZE       =   ----    ----
   BIT SIZE         =      1    ----
END OF MODULE INFORMATION.


C51 COMPILATION COMPLETE.  0 WARNING(S),  0 ERROR(S)
