C51 COMPILER V9.00   BIAO                                                                  01/03/2019 08:44:02 PAGE 1   


C51 COMPILER V9.00, COMPILATION OF MODULE BIAO
OBJECT MODULE PLACED IN biao.OBJ
COMPILER INVOKED BY: D:\Software\KEIL 4\C51\BIN\C51.EXE biao.c BROWSE INCDIR(..\..\51 Library) DEBUG OBJECTEXTEND

line level    source

   1          #include<at89x52.h>
   2          #include<my.h>
   3          #include<LCD1602.h>
   4          unsigned  char  time[]={10,59,45};                         //时间组数
   5          unsigned  char  clock[]={11,1,0};
   6          unsigned  char  ddisp[]="Date:2018.10.29";         //第0行显示日期
   7          unsigned  char  tdisp[]="time:00:00:00";           //第一行显示时间
   8          unsigned  char  cdisp[]="clock:00:00  ";
   9          unsigned  char  count;                                             //定时器20ms中断次数计数
  10          calc();time2ascii();clock2ascii();speaker();
  11          unsigned  char  MODE;
  12          
  13          void main()
  14          {
  15   1       delaynms(400);
  16   1       init();                                                //液晶准备
  17   1       TMOD=1;TH0=45536/256;
  18   1       TL0=45536%256;
  19   1       TR0=1;
  20   1       ET0=EA=1;//定时器准备
  21   1       IT0=EX0=1;
  22   1       xy(0,0);
  23   1       wstring(ddisp);                                //第0行固定显示日期
  24   1       while(1)
  25   1       {
  26   2        xy(0,1);
  27   2        switch(MODE)
  28   2        {
  29   3                case 0:time2ascii();wstring(tdisp);break;         //正常
  30   3                case 1:if(!P3_3){delaynms(10);while(!P3_3);time[0]++;if(time[0]>23)time[0]=0;}
  31   3                               if(!P3_4){delaynms(10);while(!P3_4);time[0]--;if(time[0]>23)time[0]=23;}
  32   3                               time2ascii();wstring(tdisp);break;             // 修改时间小时
  33   3                case 2:if(!P3_3){delaynms(10);while(!P3_3);time[1]++;if(time[1]>59)time[1]=0;}
  34   3                               if(!P3_4){delaynms(10);while(!P3_4);time[1]--;if(time[1]>59)time[1]=59;}
  35   3                               time2ascii();wstring(tdisp);break;             //修改时间分钟
  36   3                case 3:if(!P3_3){delaynms(10);while(!P3_3);clock[0]++;if(clock[0]>23)clock[0]=0;}
  37   3                               if(!P3_4){delaynms(10);while(!P3_4);clock[0]--;if(clock[0]>23)clock[0]=23;}
  38   3                               clock2ascii();wstring(cdisp);break;            //修改闹钟小时
  39   3                case 4:if(!P3_3){delaynms(10);while(!P3_3);clock[1]++;if(clock[1]>59)clock[1]=0;}
  40   3                               if(!P3_4){delaynms(10);while(!P3_4);clock[1]--;if(clock[1]>59)clock[1]=59;}
  41   3                               clock2ascii();wstring(cdisp);break;            //修改闹钟分钟           
  42   3         }
  43   2        }
  44   1      }
  45          
  46          calc()                                                                            //调整时间函数
  47          {
  48   1        time[2]++;
  49   1        if(time[2]>59)
  50   1        {
  51   2         time[2]=0;time[1]++;
  52   2          if(time[1]>59)
  53   2              {
  54   3               time[1]=0;time[0]++;
  55   3           if(time[0]>23)time[0]=0;
C51 COMPILER V9.00   BIAO                                                                  01/03/2019 08:44:02 PAGE 2   

  56   3              }
  57   2        }
  58   1      }
  59          
  60          time2ascii()                                                              //ascii调整函数,从码表得，0的代码是48,0-9连续
  61                                                                                                     //故数字转码只需要加上48，或者加上‘0’;
  62                                                                                                     //从time；00；00；00.从位置上看小时是第5，第6
  63          {
  64   1         if((MODE==0)||(MODE==2)||((MODE==1)&&(count<25)))
  65   1               {
  66   2                tdisp[5]=time[0]/10+'0';
  67   2                tdisp[6]=time[0]%10+'0';
  68   2               }
  69   1         if((MODE==1)&&(count>=25))
  70   1               {
  71   2                tdisp[5]=tdisp[6]=' ';
  72   2               }
  73   1         if((MODE==0)||(MODE==1)||((MODE==2)&&(count<25)))
  74   1               {
  75   2                tdisp[8]=time[1]/10+'0';
  76   2                tdisp[9]=time[1]%10+'0';
  77   2               }
  78   1         if((MODE==2)&&(count>=25))
  79   1               {
  80   2                tdisp[8]=tdisp[9]=' ';
  81   2               }
  82   1       tdisp[11]=time[2]/10+'0';
  83   1       tdisp[12]=time[2]%10+'0';
  84   1      }
  85          
  86          clock2ascii()
  87          {
  88   1       if(((MODE==3)&&(count<25))||(MODE==4))
  89   1       {
  90   2        cdisp[6]=clock[0]/10+'0';
  91   2        cdisp[7]=clock[0]%10+'0';
  92   2       }
  93   1       if((MODE==3)&&(count>=25))
  94   1       {
  95   2        cdisp[6]=cdisp[7]=' ';
  96   2       }
  97   1       if((MODE==3)||((MODE==4)&&(count<25)))
  98   1       {
  99   2        cdisp[9]=clock[1]/10+'0';
 100   2        cdisp[10]=clock[1]%10+'0';
 101   2       }
 102   1       if((MODE==4)&&(count>=25))
 103   1       {
 104   2        cdisp[9]=cdisp[10]=' ';
 105   2       }
 106   1        cdisp[11]=cdisp[12]=' ';
 107   1      }
 108          
 109          speaker()                                         //秒 叫
 110          {
 111   1        if((time[0]==clock[0])&&(time[1]==clock[1]))
 112   1        {
 113   2         if(count<5)P1_5=0;                      if((count>=5)&&(count<10))P1_5=1;
 114   2         if((count>=10)&&(count<15))P1_5=0;  if((count>15)&&(count<20))P1_5=1;
 115   2         if((count>=20)&&(count<25))P1_5=0;  if(count>=25)P1_5=1;
 116   2        }
 117   1       else if(time[1]==0)
C51 COMPILER V9.00   BIAO                                                                  01/03/2019 08:44:02 PAGE 3   

 118   1        {
 119   2         if(count<5)P1_5=0;                              if((count>=5)&&(count<10))P1_5=1;
 120   2         if((count>=10)&&(count<15))P1_5=0;  if(count>15)P1_5=1;      
 121   2        }
 122   1       else
 123   1        {
 124   2         if(count<5)P1_5=0;                    if(count>=5)P1_5=1;    
 125   2        }
 126   1      }
 127          
 128          
 129          int_0()interrupt  0                                                       //mode按键
 130          {
 131   1       delaynms(10);
 132   1       if(!INT0)
 133   1       {
 134   2        MODE++;
 135   2        if(MODE>4)MODE=0;
 136   2       }
 137   1      }
 138          
 139          t_0()interrupt  1                                                         //1秒定时
 140          {
 141   1       TH0=45540/256;
 142   1       TL0=45540%256;                           //重置初值，少4次为误差调整
 143   1       count++;
 144   1       speaker();
 145   1       if(count>=50)
 146   1       {
 147   2        count=0;
 148   2        calc();
 149   2       }
 150   1      }
*** WARNING C290 IN LINE 58 OF BIAO.C: missing return value
*** WARNING C290 IN LINE 84 OF BIAO.C: missing return value
*** WARNING C290 IN LINE 107 OF BIAO.C: missing return value
*** WARNING C290 IN LINE 126 OF BIAO.C: missing return value


MODULE INFORMATION:   STATIC OVERLAYABLE
   CODE SIZE        =   1072    ----
   CONSTANT SIZE    =   ----    ----
   XDATA SIZE       =   ----    ----
   PDATA SIZE       =   ----    ----
   DATA SIZE        =     73       1
   IDATA SIZE       =   ----    ----
   BIT SIZE         =   ----       1
END OF MODULE INFORMATION.


C51 COMPILATION COMPLETE.  4 WARNING(S),  0 ERROR(S)
