C51 COMPILER V9.00   MAIN                                                                  05/23/2019 21:33:20 PAGE 1   


C51 COMPILER V9.00, COMPILATION OF MODULE MAIN
OBJECT MODULE PLACED IN main.OBJ
COMPILER INVOKED BY: D:\Software\KEIL 4\C51\BIN\C51.EXE main.c BROWSE DEBUG OBJECTEXTEND

line level    source

   1          #include<reg52.h>
   2          #include<intrins.h>
   3          
   4          
   5          void delay();
   6          sbit in = P2^1;
   7          sbit out = P2^2;
   8          sbit shuju = P2^0;
   9          
  10          void inout595(unsigned char e);
  11          
  12          void main()
  13          {
  14   1        unsigned char a;
  15   1        a=0x01;
  16   1      
  17   1              while(1)
  18   1              {
  19   2               inout595(a);
  20   2              
  21   2               //delay();
  22   2              
  23   2               //a=_crol_(a,1);
  24   2              }
  25   1      }
  26          
  27          void inout595(unsigned char e)
  28          {
  29   1       unsigned char f;
  30   1       in = 1;
  31   1       out= 1;
  32   1       for(f=0;f<8;f++)
  33   1       {
  34   2         if((e&0x80)==0x00)shuju=0;
  35   2         else shuju=1;
  36   2         in=0;
  37   2         in=1;
  38   2         e=e<<1;
  39   2       }
  40   1       out=0;
  41   1       out=1;
  42   1      }
  43          
  44          void delay()
  45          {
  46   1       unsigned int b;
  47   1       for(b=0;b<40000;b++);
  48   1      
  49   1      }
  50          
  51          
  52          
  53           


C51 COMPILER V9.00   MAIN                                                                  05/23/2019 21:33:20 PAGE 2   

MODULE INFORMATION:   STATIC OVERLAYABLE
   CODE SIZE        =     69    ----
   CONSTANT SIZE    =   ----    ----
   XDATA SIZE       =   ----    ----
   PDATA SIZE       =   ----    ----
   DATA SIZE        =   ----       1
   IDATA SIZE       =   ----    ----
   BIT SIZE         =   ----    ----
END OF MODULE INFORMATION.


C51 COMPILATION COMPLETE.  0 WARNING(S),  0 ERROR(S)
