C51 COMPILER V9.00   SCCS                                                                  10/29/2018 11:28:51 PAGE 1   


C51 COMPILER V9.00, COMPILATION OF MODULE SCCS
OBJECT MODULE PLACED IN sccs.OBJ
COMPILER INVOKED BY: D:\Software\KEIL 4\C51\BIN\C51.EXE sccs.c BROWSE INCDIR(..\..\51 Library) DEBUG OBJECTEXTEND

line level    source

   1          #include<at89x52.h>
   2          sfr16 DPTR=0X82;
   3          unsigned int cz;
   4          
   5          //void Timer0Init(void)         //1毫秒@11.0592MHz
   6          //{
   7          //      AUXR |= 0x80;           //定时器时钟1T模式
   8          //      TMOD &= 0xF0;           //设置定时器模式
   9          //      TMOD |= 0x01;           //设置定时器模式
  10          //      TL0 = 0xCD;             //设置定时初值
  11          //      TH0 = 0xD4;             //设置定时初值
  12          //      TF0 = 0;                //清除TF0标志
  13          //      TR0 = 1;                //定时器0开始计时
  14          //}
  15          //void main()
  16          //{
  17          // Timer0Init();
  18          //}
  19          //T_0()interrupt 1
  20          //{
  21          //  P1_1=~P1_1;     //电平反转     1000Hz 方波
  22          //}
  23          //
  24          
  25          void main()
  26          {
  27   1       TMOD=1;
  28   1       ET0=1;
  29   1       EA=1;
  30   1       
  31   1       while(1)
  32   1       {
  33   2         switch(P3)
  34   2         {
  35   3         case 0x7f: TR0=1; cz=64580; break;
  36   3         case 0xbf: TR0=1; cz=64685; break;
  37   3         case 0xdf: TR0=1; cz=64778; break;
  38   3         case 0xef: TR0=1; cz=64820; break;
  39   3         case 0xf7: TR0=1; cz=64898; break;
  40   3         case 0xfB : TR0=1; cz=64968; break;
  41   3         default: TR0=0;
  42   3         }
  43   2       }
  44   1      }
  45          
  46          
  47          T_0()interrupt 1
  48          {
  49   1        DPTR=cz;   //16位操作
  50   1        TH0=DPH;
  51   1        TL0=DPL;   //8位操作
  52   1        P1_5=~P1_5;
  53   1      }


C51 COMPILER V9.00   SCCS                                                                  10/29/2018 11:28:51 PAGE 2   

MODULE INFORMATION:   STATIC OVERLAYABLE
   CODE SIZE        =    121    ----
   CONSTANT SIZE    =   ----    ----
   XDATA SIZE       =   ----    ----
   PDATA SIZE       =   ----    ----
   DATA SIZE        =      2    ----
   IDATA SIZE       =   ----    ----
   BIT SIZE         =   ----    ----
END OF MODULE INFORMATION.


C51 COMPILATION COMPLETE.  0 WARNING(S),  0 ERROR(S)
