C51 COMPILER V9.00   AA                                                                    12/30/2018 15:11:14 PAGE 1   


C51 COMPILER V9.00, COMPILATION OF MODULE AA
OBJECT MODULE PLACED IN AA.OBJ
COMPILER INVOKED BY: D:\Software\KEIL 4\C51\BIN\C51.EXE AA.C BROWSE DEBUG OBJECTEXTEND

line level    source

   1          #include <reg51.h>
   2          #define uchar unsigned char
   3          uchar a;
   4          void delay(int z)                       //延时子函数
   5          {
   6   1              int i,j;
   7   1              for(i=0;i<z;i++)
   8   1              for(j=0;j<500;j++);
   9   1      }
  10          void init()                                     //串口初始化
  11          {
  12   1              SCON=0X50;
  13   1              TMOD=0X20;
  14   1              TH1=0XFD;
  15   1              TL1=0XFD;
  16   1              TR1=1;
  17   1      }
  18          void main()
  19          {
  20   1              init();
  21   1              while(1)
  22   1              {
  23   2               a=P1;
  24   2               SBUF=a;
  25   2               while(TI==0);                  //判断是否发送完成
  26   2               TI=0;
  27   2              }
  28   1      }


MODULE INFORMATION:   STATIC OVERLAYABLE
   CODE SIZE        =     69    ----
   CONSTANT SIZE    =   ----    ----
   XDATA SIZE       =   ----    ----
   PDATA SIZE       =   ----    ----
   DATA SIZE        =      1    ----
   IDATA SIZE       =   ----    ----
   BIT SIZE         =   ----    ----
END OF MODULE INFORMATION.


C51 COMPILATION COMPLETE.  0 WARNING(S),  0 ERROR(S)
