C51 COMPILER V9.00   LED111                                                                10/07/2018 18:30:25 PAGE 1   


C51 COMPILER V9.00, COMPILATION OF MODULE LED111
OBJECT MODULE PLACED IN led111.OBJ
COMPILER INVOKED BY: D:\Software\KEIL 4\C51\BIN\C51.EXE led111.c BROWSE INCDIR(..\..\51 Library) DEBUG OBJECTEXTEND

line level    source

   1          #include<reg52.h>
   2          #include<my.h>
   3          //#define       unsigned int int
   4          //#define unsigned char char
   5          sfr P0M1 = 0x93; //I/O口0模式控制器1 Bit7 Bit6 Bit5 Bit4 Bit3 Bit2 Bit1 Bit0
   6          /////////////////////////////////
   7          sfr P0M0 = 0x94; //I/O口0模式控制器0 Bit7 Bit6 Bit5 Bit4 Bit3 Bit2 Bit1 Bit0
   8          
   9          sbit led1 = P0^0;
  10          //sbit  key1 = P3^7;
  11          //sbit  key2 = P3^6;
  12          
  13          
  14          void delay(unsigned int t)              //延时函数
  15          {
  16   1        unsigned char i,j;
  17   1         for(i=t;t>0;t--)
  18   1              for(j=t;j>0;j--);
  19   1      }
  20          
  21          
  22          void main()
  23          {
  24   1      //      P0M0 = 0XFF;
  25   1      //      P0M1 = 0x00;
  26   1         while(1)
  27   1         {
  28   2               P0 = 0x00;
  29   2               delay(600);
  30   2               P0 = 0xff;
  31   2               delay(600);
  32   2         }
  33   1         
  34   1      }
  35          
  36                                    
  37          /*
  38          void main()
  39          {
  40             while(1)
  41             {
  42                  unsigned int a,b;
  43                  if(key2 == 0)
  44                  {
  45                          a=0x7f;
  46                          for(b=0;b<8;b++)
  47                          {
  48                           P2=a;
  49                           a=(a>>1)+0x80;
  50                           delay(200);
  51                          }
  52                  }
  53          
  54                  else if(key1 == 0)
  55                  {
C51 COMPILER V9.00   LED111                                                                10/07/2018 18:30:25 PAGE 2   

  56                          a=0xfe;
  57                          for(b=0;b<8;b++)
  58                          {
  59                           P2=a;
  60                           a=(a<<1)+1;
  61                           delay(200);
  62                          }
  63                  }
  64                  else {}
  65                  
  66           }
  67          }*/       


MODULE INFORMATION:   STATIC OVERLAYABLE
   CODE SIZE        =    167    ----
   CONSTANT SIZE    =   ----    ----
   XDATA SIZE       =   ----    ----
   PDATA SIZE       =   ----    ----
   DATA SIZE        =     21       2
   IDATA SIZE       =   ----    ----
   BIT SIZE         =   ----       1
END OF MODULE INFORMATION.


C51 COMPILATION COMPLETE.  0 WARNING(S),  0 ERROR(S)
