C51 COMPILER V9.00   ENT                                                                   10/17/2018 11:13:56 PAGE 1   


C51 COMPILER V9.00, COMPILATION OF MODULE ENT
OBJECT MODULE PLACED IN ENT.OBJ
COMPILER INVOKED BY: D:\Software\KEIL 4\C51\BIN\C51.EXE ENT.C BROWSE INCDIR(..\..\51 Library) DEBUG OBJECTEXTEND

line level    source

   1          #include "reg52.h"
   2          #include "my.h"
   3          unsigned char led=0;
   4          
   5          void exint0() interrupt 0           //中断程序
   6          {
   7   1          delaynms(10);                //消抖
   8   1              while(!INT0);
   9   1              delaynms(10);
  10   1          led++;
  11   1              if(led>5)
  12   1              {
  13   2               led=0;
  14   2              }
  15   1              
  16   1      }
  17          
  18          void main()
  19          {
  20   1         IT0 = 0;                        
  21   1         EX0 = 1;                       
  22   1         EA = 1;                        
  23   1          while (1)
  24   1              {
  25   2               unsigned char a,b;
  26   2      
  27   2               switch(led)
  28   2               {
  29   3                case 0:
  30   3                  a=0x7f;
  31   3                      for(b=0;b<8;b++)
  32   3                      {
  33   4                       P2=a;
  34   4                       a=(a>>1)+0x80;
  35   4                       delaynms(100);
  36   4                      }
  37   3                      break;
  38   3                case 1:
  39   3                      a=0xfe;
  40   3                      for(b=0;b<8;b++)
  41   3                      {
  42   4                       P2=a;
  43   4                       a=(a<<1)+1;
  44   4                       delaynms(100);
  45   4                      }
  46   3                      break;
  47   3                case 2:
  48   3                      a=0xfe;
  49   3                      for(b=0;b<8;b++)
  50   3                      {
  51   4                       P2=a;
  52   4                       a=(a<<2);
  53   4                       delaynms(100);
  54   4                      }
  55   3                      break;
C51 COMPILER V9.00   ENT                                                                   10/17/2018 11:13:56 PAGE 2   

  56   3                case 3:
  57   3                      a=0xfe;
  58   3                      for(b=0;b<8;b++)
  59   3                      {
  60   4                       P2=a;
  61   4                       a=(a>>2);
  62   4                       delaynms(100);
  63   4                      }
  64   3                      break;
  65   3                case 4:
  66   3                 P2=0x55;
  67   3                 delaynms(100);
  68   3                 P2=0xAA;
  69   3                 delaynms(100);
  70   3                 break;
  71   3      
  72   3                 case 5:
  73   3                 P2=~0x18;
  74   3                 delaynms(100);
  75   3                 P2=~0x24;
  76   3                 delaynms(100);
  77   3                 P2=~0x42;
  78   3                 delaynms(100);
  79   3                 P2=~0x81;
  80   3                 delaynms(100);
  81   3                 break;
  82   3      
  83   3               }
  84   2      //       if(led == 0)                    //模式1
  85   2      //       {
  86   2      //              a=0x7f;
  87   2      //              for(b=0;b<8;b++)
  88   2      //              {
  89   2      //               P2=a;
  90   2      //               a=(a>>1)+0x80;
  91   2      //               delaynms(200);
  92   2      //              }
  93   2      //        }
  94   2      //
  95   2      //       if(led == 1)                      //模式2
  96   2      //       {
  97   2      //              a=0xfe;
  98   2      //              for(b=0;b<8;b++)
  99   2      //              {
 100   2      //               P2=a;
 101   2      //               a=(a<<1)+1;
 102   2      //               delaynms(200);
 103   2      //              }
 104   2      //       }
 105   2      //
 106   2      //       if(led == 2)                      //模式3
 107   2      //       {
 108   2      //              a=0xfe;
 109   2      //              for(b=0;b<8;b++)
 110   2      //              {
 111   2      //               P2=a;
 112   2      //               a=(a<<2);
 113   2      //               delaynms(200);
 114   2      //              }
 115   2      //       }
 116   2      //
 117   2      //       if(led == 4)                      //模式4
C51 COMPILER V9.00   ENT                                                                   10/17/2018 11:13:56 PAGE 3   

 118   2      //       {
 119   2      //              a=0xfe;
 120   2      //              for(b=0;b<8;b++)
 121   2      //              {
 122   2      //               P2=a;
 123   2      //               a=(a>>2);
 124   2      //               delaynms(200);
 125   2      //              }
 126   2      //       }
 127   2      //       if(led == 5)                      //模式5
 128   2      //       {
 129   2      //         P2=0x55;
 130   2      //         delaynms(200);
 131   2      //         P2=0xAA;
 132   2      //         delaynms(200);
 133   2      //       }
 134   2      
 135   2              }
 136   1      }


MODULE INFORMATION:   STATIC OVERLAYABLE
   CODE SIZE        =    368    ----
   CONSTANT SIZE    =   ----    ----
   XDATA SIZE       =   ----    ----
   PDATA SIZE       =   ----    ----
   DATA SIZE        =     22       3
   IDATA SIZE       =   ----    ----
   BIT SIZE         =   ----       1
END OF MODULE INFORMATION.


C51 COMPILATION COMPLETE.  0 WARNING(S),  0 ERROR(S)
